Device cuda
[TEST_CODE] Using first 10 valid subjects per split.
[TEST_CODE] train_ids_filter: ['00788', '00479', '00892', '00078', '01184', '01060', '00600', '00792', '00868', '00320']
[TEST_CODE] val_ids_filter: ['00341', '00510', '00172', '01021', '01327', '01094', '01258', '00807', '00687', '01052']
[TEST_CODE] test_ids_filter: ['00789', '00934', '00142', '00883', '00751', '00140', '01034', '00008', '00551', '00631']
[H5] Reusing existing master file: /home/anphan/Documents/caueeg_randomcrop_mono_dementia_seed42.h5

[train_graphs_original]
num graphs: 1060
num subjects: 10
segments per subject: min=106, mean=106.00, max=106
subjects per label: {0: 5, 1: 2, 2: 3}

[val_graphs_original]
num graphs: 80
num subjects: 10
segments per subject: min=8, mean=8.00, max=8
subjects per label: {2: 5, 1: 3, 0: 2}

[test_graphs_original]
num graphs: 80
num subjects: 10
segments per subject: min=8, mean=8.00, max=8
subjects per label: {0: 8, 1: 2}

[train_graphs_after_original_random_k]
num graphs: 1060
num subjects: 10
segments per subject: min=106, mean=106.00, max=106
subjects per label: {0: 5, 1: 2, 2: 3}

[train_macro_instances]
num graphs: 126
num subjects: 10
segments per subject: min=8, mean=12.60, max=16
subjects per label: {2: 3, 1: 2, 0: 5}

[val_macro_instances]
num graphs: 55
num subjects: 10
segments per subject: min=4, mean=5.50, max=8
subjects per label: {1: 3, 2: 5, 0: 2}

[test_macro_instances]
num graphs: 55
num subjects: 10
segments per subject: min=3, mean=5.50, max=7
subjects per label: {0: 8, 1: 2}
Saved top-k checkpoint: epoch=1, val_loss=1.119455, val_bal_acc=0.3333, val_macro_f1=0.1111
Validation loss improved at epoch 1: 1.119455
Saved final selected checkpoint to: /home/anphan/Documents/CAUEEG/result_MIL-LinkX-level/result_MIL-LinkX-level-testonly/20260501_112806_macro_original_random_k_wpli_k10_nonorm_sage_gatv2_mean_fixed/seed15/best_model.pt
Saved segment attention with prototypes to: /home/anphan/Documents/CAUEEG/result_MIL-LinkX-level/result_MIL-LinkX-level-testonly/20260501_112806_macro_original_random_k_wpli_k10_nonorm_sage_gatv2_mean_fixed/seed15/segment_attention_with_prototypes.csv
  split  subject_id  true_label  ...    prob_0    prob_1    prob_2
0  test  test_00008           0  ...  0.373179  0.301197  0.325625
1  test  test_00008           0  ...  0.373179  0.301197  0.325625
2  test  test_00008           0  ...  0.373179  0.301197  0.325625
3  test  test_00140           0  ...  0.371565  0.302281  0.326154
4  test  test_00140           0  ...  0.371565  0.302281  0.326154

[5 rows x 11 columns]
[TEST_CODE] Using first 10 valid subjects per split.
[TEST_CODE] train_ids_filter: ['00788', '00479', '00892', '00078', '01184', '01060', '00600', '00792', '00868', '00320']
[TEST_CODE] val_ids_filter: ['00341', '00510', '00172', '01021', '01327', '01094', '01258', '00807', '00687', '01052']
[TEST_CODE] test_ids_filter: ['00789', '00934', '00142', '00883', '00751', '00140', '01034', '00008', '00551', '00631']
[H5] Reusing existing master file: /home/anphan/Documents/caueeg_randomcrop_mono_dementia_seed42.h5

[train_graphs_original]
num graphs: 1060
num subjects: 10
segments per subject: min=106, mean=106.00, max=106
subjects per label: {0: 5, 1: 2, 2: 3}

[val_graphs_original]
num graphs: 80
num subjects: 10
segments per subject: min=8, mean=8.00, max=8
subjects per label: {2: 5, 1: 3, 0: 2}

[test_graphs_original]
num graphs: 80
num subjects: 10
segments per subject: min=8, mean=8.00, max=8
subjects per label: {0: 8, 1: 2}

[train_graphs_after_original_random_k]
num graphs: 1060
num subjects: 10
segments per subject: min=106, mean=106.00, max=106
subjects per label: {0: 5, 1: 2, 2: 3}

[train_macro_instances]
num graphs: 126
num subjects: 10
segments per subject: min=8, mean=12.60, max=16
subjects per label: {2: 3, 1: 2, 0: 5}

[val_macro_instances]
num graphs: 55
num subjects: 10
segments per subject: min=4, mean=5.50, max=8
subjects per label: {1: 3, 2: 5, 0: 2}

[test_macro_instances]
num graphs: 55
num subjects: 10
segments per subject: min=3, mean=5.50, max=7
subjects per label: {0: 8, 1: 2}
Saved top-k checkpoint: epoch=1, val_loss=1.122275, val_bal_acc=0.3333, val_macro_f1=0.1111
Validation loss improved at epoch 1: 1.122275
Saved final selected checkpoint to: /home/anphan/Documents/CAUEEG/result_MIL-LinkX-level/result_MIL-LinkX-level-testonly/20260501_112806_macro_original_random_k_wpli_k10_nonorm_sage_gatv2_mean_fixed/seed42/best_model.pt
Saved segment attention with prototypes to: /home/anphan/Documents/CAUEEG/result_MIL-LinkX-level/result_MIL-LinkX-level-testonly/20260501_112806_macro_original_random_k_wpli_k10_nonorm_sage_gatv2_mean_fixed/seed42/segment_attention_with_prototypes.csv
  split  subject_id  true_label  ...    prob_0    prob_1    prob_2
0  test  test_00008           0  ...  0.400048  0.271143  0.328810
1  test  test_00008           0  ...  0.400048  0.271143  0.328810
2  test  test_00008           0  ...  0.400048  0.271143  0.328810
3  test  test_00140           0  ...  0.399884  0.270993  0.329123
4  test  test_00140           0  ...  0.399884  0.270993  0.329123

[5 rows x 11 columns]
[TEST_CODE] Using first 10 valid subjects per split.
[TEST_CODE] train_ids_filter: ['00788', '00479', '00892', '00078', '01184', '01060', '00600', '00792', '00868', '00320']
[TEST_CODE] val_ids_filter: ['00341', '00510', '00172', '01021', '01327', '01094', '01258', '00807', '00687', '01052']
[TEST_CODE] test_ids_filter: ['00789', '00934', '00142', '00883', '00751', '00140', '01034', '00008', '00551', '00631']
[H5] Reusing existing master file: /home/anphan/Documents/caueeg_randomcrop_mono_dementia_seed42.h5

[train_graphs_original]
num graphs: 1060
num subjects: 10
segments per subject: min=106, mean=106.00, max=106
subjects per label: {0: 5, 1: 2, 2: 3}

[val_graphs_original]
num graphs: 80
num subjects: 10
segments per subject: min=8, mean=8.00, max=8
subjects per label: {2: 5, 1: 3, 0: 2}

[test_graphs_original]
num graphs: 80
num subjects: 10
segments per subject: min=8, mean=8.00, max=8
subjects per label: {0: 8, 1: 2}

[train_graphs_after_original_random_k]
num graphs: 1060
num subjects: 10
segments per subject: min=106, mean=106.00, max=106
subjects per label: {0: 5, 1: 2, 2: 3}

[train_macro_instances]
num graphs: 126
num subjects: 10
segments per subject: min=8, mean=12.60, max=16
subjects per label: {2: 3, 1: 2, 0: 5}

[val_macro_instances]
num graphs: 55
num subjects: 10
segments per subject: min=4, mean=5.50, max=8
subjects per label: {1: 3, 2: 5, 0: 2}

[test_macro_instances]
num graphs: 55
num subjects: 10
segments per subject: min=3, mean=5.50, max=7
subjects per label: {0: 8, 1: 2}
Saved top-k checkpoint: epoch=1, val_loss=1.100589, val_bal_acc=0.3333, val_macro_f1=0.1111
Validation loss improved at epoch 1: 1.100589
Saved final selected checkpoint to: /home/anphan/Documents/CAUEEG/result_MIL-LinkX-level/result_MIL-LinkX-level-testonly/20260501_112806_macro_original_random_k_wpli_k10_nonorm_sage_gatv2_mean_fixed/seed100/best_model.pt
Saved segment attention with prototypes to: /home/anphan/Documents/CAUEEG/result_MIL-LinkX-level/result_MIL-LinkX-level-testonly/20260501_112806_macro_original_random_k_wpli_k10_nonorm_sage_gatv2_mean_fixed/seed100/segment_attention_with_prototypes.csv
  split  subject_id  true_label  ...    prob_0    prob_1    prob_2
0  test  test_00008           0  ...  0.352759  0.311657  0.335584
1  test  test_00008           0  ...  0.352759  0.311657  0.335584
2  test  test_00008           0  ...  0.352759  0.311657  0.335584
3  test  test_00140           0  ...  0.353412  0.312469  0.334119
4  test  test_00140           0  ...  0.353412  0.312469  0.334119

[5 rows x 11 columns]
Saved per-seed results: /home/anphan/Documents/CAUEEG/result_MIL-LinkX-level/result_MIL-LinkX-level-testonly/20260501_112806_macro_original_random_k_wpli_k10_nonorm_sage_gatv2_mean_fixed/agg_seed_results/all_seed_results.csv
Saved aggregate results: /home/anphan/Documents/CAUEEG/result_MIL-LinkX-level/result_MIL-LinkX-level-testonly/20260501_112806_macro_original_random_k_wpli_k10_nonorm_sage_gatv2_mean_fixed/agg_seed_results/aggregate_seed_results.csv
Saved aggregate confusion matrix: /home/anphan/Documents/CAUEEG/result_MIL-LinkX-level/result_MIL-LinkX-level-testonly/20260501_112806_macro_original_random_k_wpli_k10_nonorm_sage_gatv2_mean_fixed/agg_seed_results/aggregate_confusion_matrix.json
run_name macro_original_random_k_wpli_k10_nonorm_sage_gatv2_mean_fixed

Aggregate across seeds:
  accuracy_mean_std balanced_accuracy_mean_std macro_f1_mean_std
0   0.8000 ± 0.0000            0.5000 ± 0.0000   0.4444 ± 0.0000
