Device cuda
[H5] Reusing existing master file: /home/anphan/Documents/caueeg_randomcrop_mono_dementia_seed42.h5

[train_graphs_original]
num graphs: 100382
num subjects: 947
segments per subject: min=106, mean=106.00, max=106
subjects per label: {0: 366, 1: 333, 2: 248}

[val_graphs_original]
num graphs: 952
num subjects: 119
segments per subject: min=8, mean=8.00, max=8
subjects per label: {2: 31, 1: 42, 0: 46}

[test_graphs_original]
num graphs: 944
num subjects: 118
segments per subject: min=8, mean=8.00, max=8
subjects per label: {0: 46, 1: 41, 2: 31}

[train_graphs_after_original_random_k]
num graphs: 100382
num subjects: 947
segments per subject: min=106, mean=106.00, max=106
subjects per label: {0: 366, 1: 333, 2: 248}
Saved prototype visualizations to: /home/anphan/Documents/CAUEEG/result_MIL-LinkX-level/use_kmean_prototype/20260501_182813_segment_original_random_k_wpli_k10_nonorm_gnn_bank_gatv2_mean_fixed/seed15/prototype_viz

[train_segment_instances]
num graphs: 100382
num subjects: 947
segments per subject: min=106, mean=106.00, max=106
subjects per label: {0: 366, 1: 333, 2: 248}

[val_segment_instances]
num graphs: 952
num subjects: 119
segments per subject: min=8, mean=8.00, max=8
subjects per label: {2: 31, 1: 42, 0: 46}

[test_segment_instances]
num graphs: 944
num subjects: 118
segments per subject: min=8, mean=8.00, max=8
subjects per label: {0: 46, 1: 41, 2: 31}
Saved top-k checkpoint: epoch=1, val_loss=1.020482, val_bal_acc=0.4073, val_macro_f1=0.3472
Validation loss improved at epoch 1: 1.020482
Saved top-k checkpoint: epoch=2, val_loss=0.954975, val_bal_acc=0.4947, val_macro_f1=0.4877
Validation loss improved at epoch 2: 0.954975
Saved top-k checkpoint: epoch=3, val_loss=0.951531, val_bal_acc=0.5450, val_macro_f1=0.5234
Validation loss improved at epoch 3: 0.951531
Saved top-k checkpoint: epoch=4, val_loss=0.949828, val_bal_acc=0.5042, val_macro_f1=0.4553
Removed checkpoint that fell out of top-3: /home/anphan/Documents/CAUEEG/result_MIL-LinkX-level/use_kmean_prototype/20260501_182813_segment_original_random_k_wpli_k10_nonorm_gnn_bank_gatv2_mean_fixed/seed15/best_model_topk_epoch001_valloss1.020482.pt
Validation loss improved at epoch 4: 0.949828
Epoch [005/500] | Train Loss: 0.9188 | Train Acc: 0.5576 | Train Bal Acc: 0.5516 | Train F1: 0.5328 || Val Loss: 0.9521 | Val Acc: 0.4790 | Val Bal Acc: 0.4613 | Val F1: 0.4450 ||LR: 0.001 -> 0.001
Train pred counts: [492 200 255]
Val pred counts: [67 29 23]
Saved top-k checkpoint: epoch=5, val_loss=0.952052, val_bal_acc=0.4613, val_macro_f1=0.4450
Removed checkpoint that fell out of top-3: /home/anphan/Documents/CAUEEG/result_MIL-LinkX-level/use_kmean_prototype/20260501_182813_segment_original_random_k_wpli_k10_nonorm_gnn_bank_gatv2_mean_fixed/seed15/best_model_topk_epoch002_valloss0.954975.pt
Saved top-k checkpoint: epoch=6, val_loss=0.922699, val_bal_acc=0.4904, val_macro_f1=0.4522
Removed checkpoint that fell out of top-3: /home/anphan/Documents/CAUEEG/result_MIL-LinkX-level/use_kmean_prototype/20260501_182813_segment_original_random_k_wpli_k10_nonorm_gnn_bank_gatv2_mean_fixed/seed15/best_model_topk_epoch005_valloss0.952052.pt
Validation loss improved at epoch 6: 0.922699
Saved top-k checkpoint: epoch=8, val_loss=0.939338, val_bal_acc=0.5137, val_macro_f1=0.5017
Removed checkpoint that fell out of top-3: /home/anphan/Documents/CAUEEG/result_MIL-LinkX-level/use_kmean_prototype/20260501_182813_segment_original_random_k_wpli_k10_nonorm_gnn_bank_gatv2_mean_fixed/seed15/best_model_topk_epoch003_valloss0.951531.pt
Epoch [010/500] | Train Loss: 0.7987 | Train Acc: 0.6199 | Train Bal Acc: 0.6095 | Train F1: 0.6063 || Val Loss: 0.9718 | Val Acc: 0.5210 | Val Bal Acc: 0.5165 | Val F1: 0.4998 ||LR: 0.001 -> 0.001
Train pred counts: [442 285 220]
Val pred counts: [58 28 33]
Epoch [015/500] | Train Loss: 0.6591 | Train Acc: 0.7001 | Train Bal Acc: 0.6898 | Train F1: 0.6967 || Val Loss: 1.2161 | Val Acc: 0.5210 | Val Bal Acc: 0.5262 | Val F1: 0.5163 ||LR: 0.001 -> 0.001
Train pred counts: [375 371 201]
Val pred counts: [42 36 41]
Epoch [020/500] | Train Loss: 0.5605 | Train Acc: 0.7582 | Train Bal Acc: 0.7534 | Train F1: 0.7567 || Val Loss: 1.8643 | Val Acc: 0.4706 | Val Bal Acc: 0.4562 | Val F1: 0.4524 ||LR: 0.001 -> 0.001
Train pred counts: [364 354 229]
Val pred counts: [62 35 22]
Epoch [025/500] | Train Loss: 0.5002 | Train Acc: 0.7867 | Train Bal Acc: 0.7848 | Train F1: 0.7858 || Val Loss: 1.5330 | Val Acc: 0.5126 | Val Bal Acc: 0.4938 | Val F1: 0.4892 ||LR: 0.001 -> 0.001
Train pred counts: [376 330 241]
Val pred counts: [60 37 22]
Epoch [030/500] | Train Loss: 0.4241 | Train Acc: 0.8300 | Train Bal Acc: 0.8298 | Train F1: 0.8317 || Val Loss: 1.5749 | Val Acc: 0.4622 | Val Bal Acc: 0.4614 | Val F1: 0.4617 ||LR: 0.001 -> 0.001
Train pred counts: [392 318 237]
Val pred counts: [24 67 28]
Epoch [035/500] | Train Loss: 0.3714 | Train Acc: 0.8448 | Train Bal Acc: 0.8445 | Train F1: 0.8447 || Val Loss: 1.6302 | Val Acc: 0.4874 | Val Bal Acc: 0.4733 | Val F1: 0.4797 ||LR: 0.001 -> 0.001
Train pred counts: [364 336 247]
Val pred counts: [36 67 16]
Epoch [040/500] | Train Loss: 0.3283 | Train Acc: 0.8648 | Train Bal Acc: 0.8635 | Train F1: 0.8666 || Val Loss: 1.8060 | Val Acc: 0.5042 | Val Bal Acc: 0.5068 | Val F1: 0.5086 ||LR: 0.001 -> 0.001
Train pred counts: [369 346 232]
Val pred counts: [42 46 31]
Epoch [045/500] | Train Loss: 0.2943 | Train Acc: 0.8765 | Train Bal Acc: 0.8764 | Train F1: 0.8791 || Val Loss: 2.2006 | Val Acc: 0.5042 | Val Bal Acc: 0.4935 | Val F1: 0.5029 ||LR: 0.001 -> 0.001
Train pred counts: [364 349 234]
Val pred counts: [48 50 21]
Epoch [050/500] | Train Loss: 0.2101 | Train Acc: 0.9250 | Train Bal Acc: 0.9256 | Train F1: 0.9260 || Val Loss: 2.6199 | Val Acc: 0.4454 | Val Bal Acc: 0.4441 | Val F1: 0.4526 ||LR: 0.001 -> 0.001
Train pred counts: [369 332 246]
Val pred counts: [31 63 25]
No val-loss improvement at epoch 50. patience 1/100
No val-loss improvement at epoch 51. patience 2/100
No val-loss improvement at epoch 52. patience 3/100
No val-loss improvement at epoch 53. patience 4/100
No val-loss improvement at epoch 54. patience 5/100
Epoch [055/500] | Train Loss: 0.2253 | Train Acc: 0.9102 | Train Bal Acc: 0.9125 | Train F1: 0.9118 || Val Loss: 2.2234 | Val Acc: 0.4370 | Val Bal Acc: 0.4179 | Val F1: 0.4204 ||LR: 0.001 -> 0.001
Train pred counts: [366 329 252]
Val pred counts: [32 71 16]
No val-loss improvement at epoch 55. patience 6/100
No val-loss improvement at epoch 56. patience 7/100
No val-loss improvement at epoch 57. patience 8/100
No val-loss improvement at epoch 58. patience 9/100
No val-loss improvement at epoch 59. patience 10/100
Epoch [060/500] | Train Loss: 0.2589 | Train Acc: 0.9071 | Train Bal Acc: 0.9054 | Train F1: 0.9056 || Val Loss: 2.0593 | Val Acc: 0.4790 | Val Bal Acc: 0.4744 | Val F1: 0.4774 ||LR: 0.001 -> 0.001
Train pred counts: [370 330 247]
Val pred counts: [25 74 20]
No val-loss improvement at epoch 60. patience 11/100
No val-loss improvement at epoch 61. patience 12/100
No val-loss improvement at epoch 62. patience 13/100
No val-loss improvement at epoch 63. patience 14/100
No val-loss improvement at epoch 64. patience 15/100
Epoch [065/500] | Train Loss: 0.2188 | Train Acc: 0.9060 | Train Bal Acc: 0.9053 | Train F1: 0.9064 || Val Loss: 2.6412 | Val Acc: 0.5126 | Val Bal Acc: 0.4929 | Val F1: 0.4993 ||LR: 0.001 -> 0.001
Train pred counts: [370 335 242]
Val pred counts: [39 69 11]
No val-loss improvement at epoch 65. patience 16/100
No val-loss improvement at epoch 66. patience 17/100
No val-loss improvement at epoch 67. patience 18/100
No val-loss improvement at epoch 68. patience 19/100
No val-loss improvement at epoch 69. patience 20/100
Epoch [070/500] | Train Loss: 0.1830 | Train Acc: 0.9282 | Train Bal Acc: 0.9303 | Train F1: 0.9291 || Val Loss: 2.7478 | Val Acc: 0.5378 | Val Bal Acc: 0.5175 | Val F1: 0.5213 ||LR: 0.001 -> 0.001
Train pred counts: [361 332 254]
Val pred counts: [40 62 17]
No val-loss improvement at epoch 70. patience 21/100
No val-loss improvement at epoch 71. patience 22/100
No val-loss improvement at epoch 72. patience 23/100
No val-loss improvement at epoch 73. patience 24/100
No val-loss improvement at epoch 74. patience 25/100
Epoch [075/500] | Train Loss: 0.1516 | Train Acc: 0.9525 | Train Bal Acc: 0.9525 | Train F1: 0.9521 || Val Loss: 2.9019 | Val Acc: 0.4958 | Val Bal Acc: 0.4890 | Val F1: 0.4989 ||LR: 0.001 -> 0.001
Train pred counts: [368 328 251]
Val pred counts: [49 48 22]
No val-loss improvement at epoch 75. patience 26/100
No val-loss improvement at epoch 76. patience 27/100
No val-loss improvement at epoch 77. patience 28/100
No val-loss improvement at epoch 78. patience 29/100
No val-loss improvement at epoch 79. patience 30/100
Epoch [080/500] | Train Loss: 0.1933 | Train Acc: 0.9197 | Train Bal Acc: 0.9225 | Train F1: 0.9214 || Val Loss: 2.5097 | Val Acc: 0.5294 | Val Bal Acc: 0.5193 | Val F1: 0.5298 ||LR: 0.001 -> 0.001
Train pred counts: [366 327 254]
Val pred counts: [34 71 14]
No val-loss improvement at epoch 80. patience 31/100
No val-loss improvement at epoch 81. patience 32/100
No val-loss improvement at epoch 82. patience 33/100
No val-loss improvement at epoch 83. patience 34/100
No val-loss improvement at epoch 84. patience 35/100
Epoch [085/500] | Train Loss: 0.1343 | Train Acc: 0.9514 | Train Bal Acc: 0.9507 | Train F1: 0.9508 || Val Loss: 2.7555 | Val Acc: 0.5210 | Val Bal Acc: 0.5044 | Val F1: 0.5134 ||LR: 0.001 -> 0.001
Train pred counts: [363 337 247]
Val pred counts: [43 59 17]
No val-loss improvement at epoch 85. patience 36/100
No val-loss improvement at epoch 86. patience 37/100
No val-loss improvement at epoch 87. patience 38/100
No val-loss improvement at epoch 88. patience 39/100
No val-loss improvement at epoch 89. patience 40/100
Epoch [090/500] | Train Loss: 0.1282 | Train Acc: 0.9546 | Train Bal Acc: 0.9565 | Train F1: 0.9558 || Val Loss: 3.0619 | Val Acc: 0.5042 | Val Bal Acc: 0.4843 | Val F1: 0.4907 ||LR: 0.001 -> 0.001
Train pred counts: [360 336 251]
Val pred counts: [40 66 13]
No val-loss improvement at epoch 90. patience 41/100
No val-loss improvement at epoch 91. patience 42/100
No val-loss improvement at epoch 92. patience 43/100
No val-loss improvement at epoch 93. patience 44/100
No val-loss improvement at epoch 94. patience 45/100
Epoch [095/500] | Train Loss: 0.1509 | Train Acc: 0.9483 | Train Bal Acc: 0.9478 | Train F1: 0.9477 || Val Loss: 3.1611 | Val Acc: 0.4706 | Val Bal Acc: 0.4483 | Val F1: 0.4483 ||LR: 0.001 -> 0.001
Train pred counts: [362 337 248]
Val pred counts: [40 69 10]
No val-loss improvement at epoch 95. patience 46/100
No val-loss improvement at epoch 96. patience 47/100
No val-loss improvement at epoch 97. patience 48/100
No val-loss improvement at epoch 98. patience 49/100
No val-loss improvement at epoch 99. patience 50/100
Epoch [100/500] | Train Loss: 0.1356 | Train Acc: 0.9535 | Train Bal Acc: 0.9525 | Train F1: 0.9530 || Val Loss: 2.4900 | Val Acc: 0.5630 | Val Bal Acc: 0.5433 | Val F1: 0.5428 ||LR: 0.001 -> 0.001
Train pred counts: [359 344 244]
Val pred counts: [34 71 14]
No val-loss improvement at epoch 100. patience 51/100
No val-loss improvement at epoch 101. patience 52/100
No val-loss improvement at epoch 102. patience 53/100
No val-loss improvement at epoch 103. patience 54/100
No val-loss improvement at epoch 104. patience 55/100
Epoch [105/500] | Train Loss: 0.1515 | Train Acc: 0.9451 | Train Bal Acc: 0.9456 | Train F1: 0.9456 || Val Loss: 2.8294 | Val Acc: 0.5126 | Val Bal Acc: 0.4929 | Val F1: 0.4940 ||LR: 0.001 -> 0.001
Train pred counts: [366 333 248]
Val pred counts: [36 67 16]
No val-loss improvement at epoch 105. patience 56/100
No val-loss improvement at epoch 106. patience 57/100
No val-loss improvement at epoch 107. patience 58/100
No val-loss improvement at epoch 108. patience 59/100
No val-loss improvement at epoch 109. patience 60/100
Epoch [110/500] | Train Loss: 0.1576 | Train Acc: 0.9409 | Train Bal Acc: 0.9413 | Train F1: 0.9410 || Val Loss: 2.5386 | Val Acc: 0.4874 | Val Bal Acc: 0.4747 | Val F1: 0.4777 ||LR: 0.001 -> 0.001
Train pred counts: [361 337 249]
Val pred counts: [35 69 15]
No val-loss improvement at epoch 110. patience 61/100
No val-loss improvement at epoch 111. patience 62/100
No val-loss improvement at epoch 112. patience 63/100
No val-loss improvement at epoch 113. patience 64/100
No val-loss improvement at epoch 114. patience 65/100
Epoch [115/500] | Train Loss: 0.1052 | Train Acc: 0.9567 | Train Bal Acc: 0.9583 | Train F1: 0.9575 || Val Loss: 2.7905 | Val Acc: 0.5126 | Val Bal Acc: 0.5007 | Val F1: 0.5088 ||LR: 0.001 -> 0.001
Train pred counts: [361 334 252]
Val pred counts: [50 48 21]
No val-loss improvement at epoch 115. patience 66/100
No val-loss improvement at epoch 116. patience 67/100
No val-loss improvement at epoch 117. patience 68/100
No val-loss improvement at epoch 118. patience 69/100
No val-loss improvement at epoch 119. patience 70/100
Epoch [120/500] | Train Loss: 0.1172 | Train Acc: 0.9567 | Train Bal Acc: 0.9564 | Train F1: 0.9568 || Val Loss: 2.6704 | Val Acc: 0.5462 | Val Bal Acc: 0.5261 | Val F1: 0.5295 ||LR: 0.001 -> 0.001
Train pred counts: [361 341 245]
Val pred counts: [39 65 15]
No val-loss improvement at epoch 120. patience 71/100
No val-loss improvement at epoch 121. patience 72/100
No val-loss improvement at epoch 122. patience 73/100
No val-loss improvement at epoch 123. patience 74/100
No val-loss improvement at epoch 124. patience 75/100
Epoch [125/500] | Train Loss: 0.1279 | Train Acc: 0.9535 | Train Bal Acc: 0.9535 | Train F1: 0.9537 || Val Loss: 2.7574 | Val Acc: 0.4958 | Val Bal Acc: 0.4855 | Val F1: 0.4957 ||LR: 0.001 -> 0.001
Train pred counts: [357 345 245]
Val pred counts: [41 59 19]
No val-loss improvement at epoch 125. patience 76/100
No val-loss improvement at epoch 126. patience 77/100
No val-loss improvement at epoch 127. patience 78/100
No val-loss improvement at epoch 128. patience 79/100
No val-loss improvement at epoch 129. patience 80/100
Epoch [130/500] | Train Loss: 0.1234 | Train Acc: 0.9472 | Train Bal Acc: 0.9480 | Train F1: 0.9479 || Val Loss: 2.7847 | Val Acc: 0.5462 | Val Bal Acc: 0.5275 | Val F1: 0.5319 ||LR: 0.001 -> 0.001
Train pred counts: [364 335 248]
Val pred counts: [35 71 13]
No val-loss improvement at epoch 130. patience 81/100
No val-loss improvement at epoch 131. patience 82/100
No val-loss improvement at epoch 132. patience 83/100
No val-loss improvement at epoch 133. patience 84/100
No val-loss improvement at epoch 134. patience 85/100
Epoch [135/500] | Train Loss: 0.1083 | Train Acc: 0.9588 | Train Bal Acc: 0.9583 | Train F1: 0.9584 || Val Loss: 2.6114 | Val Acc: 0.5210 | Val Bal Acc: 0.5100 | Val F1: 0.5168 ||LR: 0.001 -> 0.001
Train pred counts: [364 336 247]
Val pred counts: [34 65 20]
No val-loss improvement at epoch 135. patience 86/100
No val-loss improvement at epoch 136. patience 87/100
No val-loss improvement at epoch 137. patience 88/100
No val-loss improvement at epoch 138. patience 89/100
No val-loss improvement at epoch 139. patience 90/100
Epoch [140/500] | Train Loss: 0.1212 | Train Acc: 0.9535 | Train Bal Acc: 0.9558 | Train F1: 0.9551 || Val Loss: 2.6404 | Val Acc: 0.5042 | Val Bal Acc: 0.4885 | Val F1: 0.4970 ||LR: 0.001 -> 0.001
Train pred counts: [358 339 250]
Val pred counts: [39 67 13]
No val-loss improvement at epoch 140. patience 91/100
No val-loss improvement at epoch 141. patience 92/100
No val-loss improvement at epoch 142. patience 93/100
No val-loss improvement at epoch 143. patience 94/100
No val-loss improvement at epoch 144. patience 95/100
Epoch [145/500] | Train Loss: 0.1035 | Train Acc: 0.9683 | Train Bal Acc: 0.9683 | Train F1: 0.9675 || Val Loss: 2.7956 | Val Acc: 0.5714 | Val Bal Acc: 0.5500 | Val F1: 0.5594 ||LR: 0.001 -> 0.001
Train pred counts: [363 332 252]
Val pred counts: [48 58 13]
No val-loss improvement at epoch 145. patience 96/100
No val-loss improvement at epoch 146. patience 97/100
No val-loss improvement at epoch 147. patience 98/100
No val-loss improvement at epoch 148. patience 99/100
No val-loss improvement at epoch 149. patience 100/100
Early stopping triggered at epoch 149. Best val_loss=0.922699 (epoch 6).
Saved final selected checkpoint to: /home/anphan/Documents/CAUEEG/result_MIL-LinkX-level/use_kmean_prototype/20260501_182813_segment_original_random_k_wpli_k10_nonorm_gnn_bank_gatv2_mean_fixed/seed15/best_model.pt
Saved segment attention with prototypes to: /home/anphan/Documents/CAUEEG/result_MIL-LinkX-level/use_kmean_prototype/20260501_182813_segment_original_random_k_wpli_k10_nonorm_gnn_bank_gatv2_mean_fixed/seed15/segment_attention_with_prototypes.csv
  split  subject_id  true_label  ...    prob_0    prob_1    prob_2
0  test  test_00001           1  ...  0.462313  0.407696  0.129992
1  test  test_00001           1  ...  0.462313  0.407696  0.129992
2  test  test_00001           1  ...  0.462313  0.407696  0.129992
3  test  test_00001           1  ...  0.462313  0.407696  0.129992
4  test  test_00001           1  ...  0.462313  0.407696  0.129992

[5 rows x 11 columns]
[H5] Reusing existing master file: /home/anphan/Documents/caueeg_randomcrop_mono_dementia_seed42.h5

[train_graphs_original]
num graphs: 100382
num subjects: 947
segments per subject: min=106, mean=106.00, max=106
subjects per label: {0: 366, 1: 333, 2: 248}

[val_graphs_original]
num graphs: 952
num subjects: 119
segments per subject: min=8, mean=8.00, max=8
subjects per label: {2: 31, 1: 42, 0: 46}

[test_graphs_original]
num graphs: 944
num subjects: 118
segments per subject: min=8, mean=8.00, max=8
subjects per label: {0: 46, 1: 41, 2: 31}

[train_graphs_after_original_random_k]
num graphs: 100382
num subjects: 947
segments per subject: min=106, mean=106.00, max=106
subjects per label: {0: 366, 1: 333, 2: 248}
Saved prototype visualizations to: /home/anphan/Documents/CAUEEG/result_MIL-LinkX-level/use_kmean_prototype/20260501_182813_segment_original_random_k_wpli_k10_nonorm_gnn_bank_gatv2_mean_fixed/seed42/prototype_viz

[train_segment_instances]
num graphs: 100382
num subjects: 947
segments per subject: min=106, mean=106.00, max=106
subjects per label: {0: 366, 1: 333, 2: 248}

[val_segment_instances]
num graphs: 952
num subjects: 119
segments per subject: min=8, mean=8.00, max=8
subjects per label: {2: 31, 1: 42, 0: 46}

[test_segment_instances]
num graphs: 944
num subjects: 118
segments per subject: min=8, mean=8.00, max=8
subjects per label: {0: 46, 1: 41, 2: 31}
Saved top-k checkpoint: epoch=1, val_loss=1.035891, val_bal_acc=0.3333, val_macro_f1=0.1859
Validation loss improved at epoch 1: 1.035891
Saved top-k checkpoint: epoch=2, val_loss=0.984485, val_bal_acc=0.5124, val_macro_f1=0.4184
Validation loss improved at epoch 2: 0.984485
Saved top-k checkpoint: epoch=3, val_loss=1.058729, val_bal_acc=0.4697, val_macro_f1=0.4155
Saved top-k checkpoint: epoch=4, val_loss=0.972463, val_bal_acc=0.5107, val_macro_f1=0.4473
Removed checkpoint that fell out of top-3: /home/anphan/Documents/CAUEEG/result_MIL-LinkX-level/use_kmean_prototype/20260501_182813_segment_original_random_k_wpli_k10_nonorm_gnn_bank_gatv2_mean_fixed/seed42/best_model_topk_epoch003_valloss1.058729.pt
Validation loss improved at epoch 4: 0.972463
Epoch [005/500] | Train Loss: 0.9208 | Train Acc: 0.5470 | Train Bal Acc: 0.5432 | Train F1: 0.5207 || Val Loss: 0.9662 | Val Acc: 0.5042 | Val Bal Acc: 0.5013 | Val F1: 0.4595 ||LR: 0.001 -> 0.001
Train pred counts: [473 193 281]
Val pred counts: [66 19 34]
Saved top-k checkpoint: epoch=5, val_loss=0.966225, val_bal_acc=0.5013, val_macro_f1=0.4595
Removed checkpoint that fell out of top-3: /home/anphan/Documents/CAUEEG/result_MIL-LinkX-level/use_kmean_prototype/20260501_182813_segment_original_random_k_wpli_k10_nonorm_gnn_bank_gatv2_mean_fixed/seed42/best_model_topk_epoch001_valloss1.035891.pt
Validation loss improved at epoch 5: 0.966225
Saved top-k checkpoint: epoch=6, val_loss=0.955797, val_bal_acc=0.4924, val_macro_f1=0.4673
Removed checkpoint that fell out of top-3: /home/anphan/Documents/CAUEEG/result_MIL-LinkX-level/use_kmean_prototype/20260501_182813_segment_original_random_k_wpli_k10_nonorm_gnn_bank_gatv2_mean_fixed/seed42/best_model_topk_epoch002_valloss0.984485.pt
Validation loss improved at epoch 6: 0.955797
Saved top-k checkpoint: epoch=7, val_loss=0.934103, val_bal_acc=0.4854, val_macro_f1=0.4639
Removed checkpoint that fell out of top-3: /home/anphan/Documents/CAUEEG/result_MIL-LinkX-level/use_kmean_prototype/20260501_182813_segment_original_random_k_wpli_k10_nonorm_gnn_bank_gatv2_mean_fixed/seed42/best_model_topk_epoch004_valloss0.972463.pt
Validation loss improved at epoch 7: 0.934103
Epoch [010/500] | Train Loss: 0.7700 | Train Acc: 0.6399 | Train Bal Acc: 0.6347 | Train F1: 0.6322 || Val Loss: 1.0686 | Val Acc: 0.5210 | Val Bal Acc: 0.4983 | Val F1: 0.4774 ||LR: 0.001 -> 0.001
Train pred counts: [391 308 248]
Val pred counts: [73 25 21]
Saved top-k checkpoint: epoch=12, val_loss=0.964674, val_bal_acc=0.4902, val_macro_f1=0.4890
Removed checkpoint that fell out of top-3: /home/anphan/Documents/CAUEEG/result_MIL-LinkX-level/use_kmean_prototype/20260501_182813_segment_original_random_k_wpli_k10_nonorm_gnn_bank_gatv2_mean_fixed/seed42/best_model_topk_epoch005_valloss0.966225.pt
Saved top-k checkpoint: epoch=13, val_loss=0.935688, val_bal_acc=0.4902, val_macro_f1=0.4903
Removed checkpoint that fell out of top-3: /home/anphan/Documents/CAUEEG/result_MIL-LinkX-level/use_kmean_prototype/20260501_182813_segment_original_random_k_wpli_k10_nonorm_gnn_bank_gatv2_mean_fixed/seed42/best_model_topk_epoch012_valloss0.964674.pt
Epoch [015/500] | Train Loss: 0.6973 | Train Acc: 0.6853 | Train Bal Acc: 0.6814 | Train F1: 0.6797 || Val Loss: 1.1381 | Val Acc: 0.5294 | Val Bal Acc: 0.5167 | Val F1: 0.5150 ||LR: 0.001 -> 0.001
Train pred counts: [385 313 249]
Val pred counts: [58 36 25]
Epoch [020/500] | Train Loss: 0.5661 | Train Acc: 0.7582 | Train Bal Acc: 0.7596 | Train F1: 0.7601 || Val Loss: 1.3534 | Val Acc: 0.4790 | Val Bal Acc: 0.4725 | Val F1: 0.4610 ||LR: 0.001 -> 0.001
Train pred counts: [354 345 248]
Val pred counts: [54 33 32]
Epoch [025/500] | Train Loss: 0.4821 | Train Acc: 0.7867 | Train Bal Acc: 0.7840 | Train F1: 0.7834 || Val Loss: 1.2765 | Val Acc: 0.4706 | Val Bal Acc: 0.4820 | Val F1: 0.4765 ||LR: 0.001 -> 0.001
Train pred counts: [361 333 253]
Val pred counts: [22 65 32]
Epoch [030/500] | Train Loss: 0.4431 | Train Acc: 0.7994 | Train Bal Acc: 0.7984 | Train F1: 0.7994 || Val Loss: 1.5847 | Val Acc: 0.5042 | Val Bal Acc: 0.4935 | Val F1: 0.4979 ||LR: 0.001 -> 0.001
Train pred counts: [363 341 243]
Val pred counts: [45 48 26]
Epoch [035/500] | Train Loss: 0.4113 | Train Acc: 0.8353 | Train Bal Acc: 0.8371 | Train F1: 0.8364 || Val Loss: 1.4492 | Val Acc: 0.5210 | Val Bal Acc: 0.5051 | Val F1: 0.5117 ||LR: 0.001 -> 0.001
Train pred counts: [350 344 253]
Val pred counts: [37 61 21]
Epoch [040/500] | Train Loss: 0.3293 | Train Acc: 0.8659 | Train Bal Acc: 0.8634 | Train F1: 0.8645 || Val Loss: 1.9553 | Val Acc: 0.4454 | Val Bal Acc: 0.4224 | Val F1: 0.4239 ||LR: 0.001 -> 0.001
Train pred counts: [364 341 242]
Val pred counts: [44 59 16]
Epoch [045/500] | Train Loss: 0.3037 | Train Acc: 0.8838 | Train Bal Acc: 0.8834 | Train F1: 0.8834 || Val Loss: 1.6802 | Val Acc: 0.4958 | Val Bal Acc: 0.4883 | Val F1: 0.4976 ||LR: 0.001 -> 0.001
Train pred counts: [360 339 248]
Val pred counts: [38 58 23]
Epoch [050/500] | Train Loss: 0.2635 | Train Acc: 0.8986 | Train Bal Acc: 0.8984 | Train F1: 0.8985 || Val Loss: 2.1762 | Val Acc: 0.4706 | Val Bal Acc: 0.4554 | Val F1: 0.4577 ||LR: 0.001 -> 0.001
Train pred counts: [374 325 248]
Val pred counts: [51 45 23]
No val-loss improvement at epoch 50. patience 1/100
No val-loss improvement at epoch 51. patience 2/100
No val-loss improvement at epoch 52. patience 3/100
No val-loss improvement at epoch 53. patience 4/100
No val-loss improvement at epoch 54. patience 5/100
Epoch [055/500] | Train Loss: 0.2110 | Train Acc: 0.9124 | Train Bal Acc: 0.9127 | Train F1: 0.9128 || Val Loss: 2.6749 | Val Acc: 0.4706 | Val Bal Acc: 0.4518 | Val F1: 0.4522 ||LR: 0.001 -> 0.001
Train pred counts: [364 336 247]
Val pred counts: [40 66 13]
No val-loss improvement at epoch 55. patience 6/100
No val-loss improvement at epoch 56. patience 7/100
No val-loss improvement at epoch 57. patience 8/100
No val-loss improvement at epoch 58. patience 9/100
No val-loss improvement at epoch 59. patience 10/100
Epoch [060/500] | Train Loss: 0.2485 | Train Acc: 0.9039 | Train Bal Acc: 0.9069 | Train F1: 0.9054 || Val Loss: 2.0745 | Val Acc: 0.4958 | Val Bal Acc: 0.4854 | Val F1: 0.4904 ||LR: 0.001 -> 0.001
Train pred counts: [371 320 256]
Val pred counts: [32 70 17]
No val-loss improvement at epoch 60. patience 11/100
No val-loss improvement at epoch 61. patience 12/100
No val-loss improvement at epoch 62. patience 13/100
No val-loss improvement at epoch 63. patience 14/100
No val-loss improvement at epoch 64. patience 15/100
Epoch [065/500] | Train Loss: 0.2189 | Train Acc: 0.9134 | Train Bal Acc: 0.9130 | Train F1: 0.9136 || Val Loss: 2.4006 | Val Acc: 0.4790 | Val Bal Acc: 0.4724 | Val F1: 0.4809 ||LR: 0.001 -> 0.001
Train pred counts: [367 335 245]
Val pred counts: [37 56 26]
No val-loss improvement at epoch 65. patience 16/100
No val-loss improvement at epoch 66. patience 17/100
No val-loss improvement at epoch 67. patience 18/100
No val-loss improvement at epoch 68. patience 19/100
No val-loss improvement at epoch 69. patience 20/100
Epoch [070/500] | Train Loss: 0.2056 | Train Acc: 0.9166 | Train Bal Acc: 0.9161 | Train F1: 0.9162 || Val Loss: 2.3572 | Val Acc: 0.4454 | Val Bal Acc: 0.4259 | Val F1: 0.4321 ||LR: 0.001 -> 0.001
Train pred counts: [361 339 247]
Val pred counts: [41 61 17]
No val-loss improvement at epoch 70. patience 21/100
No val-loss improvement at epoch 71. patience 22/100
No val-loss improvement at epoch 72. patience 23/100
No val-loss improvement at epoch 73. patience 24/100
No val-loss improvement at epoch 74. patience 25/100
Epoch [075/500] | Train Loss: 0.1827 | Train Acc: 0.9314 | Train Bal Acc: 0.9301 | Train F1: 0.9311 || Val Loss: 2.5637 | Val Acc: 0.5126 | Val Bal Acc: 0.4950 | Val F1: 0.5032 ||LR: 0.001 -> 0.001
Train pred counts: [363 342 242]
Val pred counts: [41 64 14]
No val-loss improvement at epoch 75. patience 26/100
No val-loss improvement at epoch 76. patience 27/100
No val-loss improvement at epoch 77. patience 28/100
No val-loss improvement at epoch 78. patience 29/100
No val-loss improvement at epoch 79. patience 30/100
Epoch [080/500] | Train Loss: 0.2024 | Train Acc: 0.9303 | Train Bal Acc: 0.9307 | Train F1: 0.9300 || Val Loss: 2.6115 | Val Acc: 0.4706 | Val Bal Acc: 0.4624 | Val F1: 0.4687 ||LR: 0.001 -> 0.001
Train pred counts: [368 327 252]
Val pred counts: [39 56 24]
No val-loss improvement at epoch 80. patience 31/100
No val-loss improvement at epoch 81. patience 32/100
No val-loss improvement at epoch 82. patience 33/100
No val-loss improvement at epoch 83. patience 34/100
No val-loss improvement at epoch 84. patience 35/100
Epoch [085/500] | Train Loss: 0.1318 | Train Acc: 0.9461 | Train Bal Acc: 0.9476 | Train F1: 0.9466 || Val Loss: 3.3899 | Val Acc: 0.5126 | Val Bal Acc: 0.4866 | Val F1: 0.4855 ||LR: 0.001 -> 0.001
Train pred counts: [366 328 253]
Val pred counts: [41 71  7]
No val-loss improvement at epoch 85. patience 36/100
No val-loss improvement at epoch 86. patience 37/100
No val-loss improvement at epoch 87. patience 38/100
No val-loss improvement at epoch 88. patience 39/100
No val-loss improvement at epoch 89. patience 40/100
Epoch [090/500] | Train Loss: 0.1410 | Train Acc: 0.9535 | Train Bal Acc: 0.9547 | Train F1: 0.9546 || Val Loss: 3.1220 | Val Acc: 0.4874 | Val Bal Acc: 0.4670 | Val F1: 0.4731 ||LR: 0.001 -> 0.001
Train pred counts: [360 339 248]
Val pred counts: [51 55 13]
No val-loss improvement at epoch 90. patience 41/100
No val-loss improvement at epoch 91. patience 42/100
No val-loss improvement at epoch 92. patience 43/100
No val-loss improvement at epoch 93. patience 44/100
No val-loss improvement at epoch 94. patience 45/100
Epoch [095/500] | Train Loss: 0.1820 | Train Acc: 0.9335 | Train Bal Acc: 0.9353 | Train F1: 0.9348 || Val Loss: 2.4356 | Val Acc: 0.4958 | Val Bal Acc: 0.4799 | Val F1: 0.4852 ||LR: 0.001 -> 0.001
Train pred counts: [359 338 250]
Val pred counts: [40 62 17]
No val-loss improvement at epoch 95. patience 46/100
No val-loss improvement at epoch 96. patience 47/100
No val-loss improvement at epoch 97. patience 48/100
No val-loss improvement at epoch 98. patience 49/100
No val-loss improvement at epoch 99. patience 50/100
Epoch [100/500] | Train Loss: 0.1728 | Train Acc: 0.9240 | Train Bal Acc: 0.9241 | Train F1: 0.9246 || Val Loss: 2.6801 | Val Acc: 0.5378 | Val Bal Acc: 0.5153 | Val F1: 0.5172 ||LR: 0.001 -> 0.001
Train pred counts: [365 337 245]
Val pred counts: [42 65 12]
No val-loss improvement at epoch 100. patience 51/100
No val-loss improvement at epoch 101. patience 52/100
No val-loss improvement at epoch 102. patience 53/100
No val-loss improvement at epoch 103. patience 54/100
No val-loss improvement at epoch 104. patience 55/100
Epoch [105/500] | Train Loss: 0.1078 | Train Acc: 0.9567 | Train Bal Acc: 0.9559 | Train F1: 0.9568 || Val Loss: 2.6597 | Val Acc: 0.4874 | Val Bal Acc: 0.4720 | Val F1: 0.4787 ||LR: 0.001 -> 0.001
Train pred counts: [366 338 243]
Val pred counts: [46 52 21]
No val-loss improvement at epoch 105. patience 56/100
No val-loss improvement at epoch 106. patience 57/100
No val-loss improvement at epoch 107. patience 58/100
No val-loss improvement at epoch 108. patience 59/100
No val-loss improvement at epoch 109. patience 60/100
Epoch [110/500] | Train Loss: 0.1352 | Train Acc: 0.9525 | Train Bal Acc: 0.9527 | Train F1: 0.9529 || Val Loss: 3.0721 | Val Acc: 0.5042 | Val Bal Acc: 0.4780 | Val F1: 0.4766 ||LR: 0.001 -> 0.001
Train pred counts: [366 334 247]
Val pred counts: [43 67  9]
No val-loss improvement at epoch 110. patience 61/100
No val-loss improvement at epoch 111. patience 62/100
No val-loss improvement at epoch 112. patience 63/100
No val-loss improvement at epoch 113. patience 64/100
No val-loss improvement at epoch 114. patience 65/100
Epoch [115/500] | Train Loss: 0.1373 | Train Acc: 0.9493 | Train Bal Acc: 0.9506 | Train F1: 0.9495 || Val Loss: 2.9801 | Val Acc: 0.4790 | Val Bal Acc: 0.4653 | Val F1: 0.4638 ||LR: 0.001 -> 0.001
Train pred counts: [365 328 254]
Val pred counts: [26 78 15]
No val-loss improvement at epoch 115. patience 66/100
No val-loss improvement at epoch 116. patience 67/100
No val-loss improvement at epoch 117. patience 68/100
No val-loss improvement at epoch 118. patience 69/100
No val-loss improvement at epoch 119. patience 70/100
Epoch [120/500] | Train Loss: 0.1088 | Train Acc: 0.9578 | Train Bal Acc: 0.9591 | Train F1: 0.9583 || Val Loss: 3.0354 | Val Acc: 0.5210 | Val Bal Acc: 0.5107 | Val F1: 0.5134 ||LR: 0.001 -> 0.001
Train pred counts: [365 330 252]
Val pred counts: [32 65 22]
No val-loss improvement at epoch 120. patience 71/100
No val-loss improvement at epoch 121. patience 72/100
No val-loss improvement at epoch 122. patience 73/100
No val-loss improvement at epoch 123. patience 74/100
No val-loss improvement at epoch 124. patience 75/100
Epoch [125/500] | Train Loss: 0.1132 | Train Acc: 0.9630 | Train Bal Acc: 0.9642 | Train F1: 0.9646 || Val Loss: 2.9665 | Val Acc: 0.4706 | Val Bal Acc: 0.4525 | Val F1: 0.4533 ||LR: 0.001 -> 0.001
Train pred counts: [371 329 247]
Val pred counts: [35 71 13]
No val-loss improvement at epoch 125. patience 76/100
No val-loss improvement at epoch 126. patience 77/100
No val-loss improvement at epoch 127. patience 78/100
No val-loss improvement at epoch 128. patience 79/100
No val-loss improvement at epoch 129. patience 80/100
Epoch [130/500] | Train Loss: 0.1339 | Train Acc: 0.9535 | Train Bal Acc: 0.9527 | Train F1: 0.9526 || Val Loss: 2.8233 | Val Acc: 0.4958 | Val Bal Acc: 0.4826 | Val F1: 0.4839 ||LR: 0.001 -> 0.001
Train pred counts: [362 337 248]
Val pred counts: [30 72 17]
No val-loss improvement at epoch 130. patience 81/100
No val-loss improvement at epoch 131. patience 82/100
No val-loss improvement at epoch 132. patience 83/100
No val-loss improvement at epoch 133. patience 84/100
No val-loss improvement at epoch 134. patience 85/100
Epoch [135/500] | Train Loss: 0.1130 | Train Acc: 0.9556 | Train Bal Acc: 0.9583 | Train F1: 0.9576 || Val Loss: 3.2104 | Val Acc: 0.4874 | Val Bal Acc: 0.4663 | Val F1: 0.4697 ||LR: 0.001 -> 0.001
Train pred counts: [362 334 251]
Val pred counts: [46 55 18]
No val-loss improvement at epoch 135. patience 86/100
No val-loss improvement at epoch 136. patience 87/100
No val-loss improvement at epoch 137. patience 88/100
No val-loss improvement at epoch 138. patience 89/100
No val-loss improvement at epoch 139. patience 90/100
Epoch [140/500] | Train Loss: 0.1427 | Train Acc: 0.9504 | Train Bal Acc: 0.9482 | Train F1: 0.9491 || Val Loss: 3.0733 | Val Acc: 0.4874 | Val Bal Acc: 0.4691 | Val F1: 0.4718 ||LR: 0.001 -> 0.001
Train pred counts: [363 342 242]
Val pred counts: [41 62 16]
No val-loss improvement at epoch 140. patience 91/100
No val-loss improvement at epoch 141. patience 92/100
No val-loss improvement at epoch 142. patience 93/100
No val-loss improvement at epoch 143. patience 94/100
No val-loss improvement at epoch 144. patience 95/100
Epoch [145/500] | Train Loss: 0.1115 | Train Acc: 0.9578 | Train Bal Acc: 0.9575 | Train F1: 0.9576 || Val Loss: 3.6731 | Val Acc: 0.4538 | Val Bal Acc: 0.4338 | Val F1: 0.4330 ||LR: 0.001 -> 0.001
Train pred counts: [367 332 248]
Val pred counts: [32 72 15]
No val-loss improvement at epoch 145. patience 96/100
No val-loss improvement at epoch 146. patience 97/100
No val-loss improvement at epoch 147. patience 98/100
No val-loss improvement at epoch 148. patience 99/100
No val-loss improvement at epoch 149. patience 100/100
Early stopping triggered at epoch 149. Best val_loss=0.934103 (epoch 7).
Saved final selected checkpoint to: /home/anphan/Documents/CAUEEG/result_MIL-LinkX-level/use_kmean_prototype/20260501_182813_segment_original_random_k_wpli_k10_nonorm_gnn_bank_gatv2_mean_fixed/seed42/best_model.pt
Saved segment attention with prototypes to: /home/anphan/Documents/CAUEEG/result_MIL-LinkX-level/use_kmean_prototype/20260501_182813_segment_original_random_k_wpli_k10_nonorm_gnn_bank_gatv2_mean_fixed/seed42/segment_attention_with_prototypes.csv
  split  subject_id  true_label  ...    prob_0    prob_1    prob_2
0  test  test_00001           1  ...  0.330079  0.387244  0.282677
1  test  test_00001           1  ...  0.330079  0.387244  0.282677
2  test  test_00001           1  ...  0.330079  0.387244  0.282677
3  test  test_00001           1  ...  0.330079  0.387244  0.282677
4  test  test_00001           1  ...  0.330079  0.387244  0.282677

[5 rows x 11 columns]
[H5] Reusing existing master file: /home/anphan/Documents/caueeg_randomcrop_mono_dementia_seed42.h5

[train_graphs_original]
num graphs: 100382
num subjects: 947
segments per subject: min=106, mean=106.00, max=106
subjects per label: {0: 366, 1: 333, 2: 248}

[val_graphs_original]
num graphs: 952
num subjects: 119
segments per subject: min=8, mean=8.00, max=8
subjects per label: {2: 31, 1: 42, 0: 46}

[test_graphs_original]
num graphs: 944
num subjects: 118
segments per subject: min=8, mean=8.00, max=8
subjects per label: {0: 46, 1: 41, 2: 31}

[train_graphs_after_original_random_k]
num graphs: 100382
num subjects: 947
segments per subject: min=106, mean=106.00, max=106
subjects per label: {0: 366, 1: 333, 2: 248}
Saved prototype visualizations to: /home/anphan/Documents/CAUEEG/result_MIL-LinkX-level/use_kmean_prototype/20260501_182813_segment_original_random_k_wpli_k10_nonorm_gnn_bank_gatv2_mean_fixed/seed100/prototype_viz

[train_segment_instances]
num graphs: 100382
num subjects: 947
segments per subject: min=106, mean=106.00, max=106
subjects per label: {0: 366, 1: 333, 2: 248}

[val_segment_instances]
num graphs: 952
num subjects: 119
segments per subject: min=8, mean=8.00, max=8
subjects per label: {2: 31, 1: 42, 0: 46}

[test_segment_instances]
num graphs: 944
num subjects: 118
segments per subject: min=8, mean=8.00, max=8
subjects per label: {0: 46, 1: 41, 2: 31}
Saved top-k checkpoint: epoch=1, val_loss=0.993703, val_bal_acc=0.4864, val_macro_f1=0.3948
Validation loss improved at epoch 1: 0.993703
Saved top-k checkpoint: epoch=2, val_loss=0.971779, val_bal_acc=0.5143, val_macro_f1=0.4941
Validation loss improved at epoch 2: 0.971779
Saved top-k checkpoint: epoch=3, val_loss=0.941197, val_bal_acc=0.5102, val_macro_f1=0.4783
Validation loss improved at epoch 3: 0.941197
Saved top-k checkpoint: epoch=4, val_loss=0.960087, val_bal_acc=0.5219, val_macro_f1=0.4899
Removed checkpoint that fell out of top-3: /home/anphan/Documents/CAUEEG/result_MIL-LinkX-level/use_kmean_prototype/20260501_182813_segment_original_random_k_wpli_k10_nonorm_gnn_bank_gatv2_mean_fixed/seed100/best_model_topk_epoch001_valloss0.993703.pt
Epoch [005/500] | Train Loss: 0.9029 | Train Acc: 0.5618 | Train Bal Acc: 0.5576 | Train F1: 0.5404 || Val Loss: 0.9736 | Val Acc: 0.4874 | Val Bal Acc: 0.5253 | Val F1: 0.4850 ||LR: 0.001 -> 0.001
Train pred counts: [486 209 252]
Val pred counts: [25 41 53]
Saved top-k checkpoint: epoch=6, val_loss=0.958305, val_bal_acc=0.5165, val_macro_f1=0.4897
Removed checkpoint that fell out of top-3: /home/anphan/Documents/CAUEEG/result_MIL-LinkX-level/use_kmean_prototype/20260501_182813_segment_original_random_k_wpli_k10_nonorm_gnn_bank_gatv2_mean_fixed/seed100/best_model_topk_epoch002_valloss0.971779.pt
Saved top-k checkpoint: epoch=8, val_loss=0.936702, val_bal_acc=0.4954, val_macro_f1=0.4895
Removed checkpoint that fell out of top-3: /home/anphan/Documents/CAUEEG/result_MIL-LinkX-level/use_kmean_prototype/20260501_182813_segment_original_random_k_wpli_k10_nonorm_gnn_bank_gatv2_mean_fixed/seed100/best_model_topk_epoch004_valloss0.960087.pt
Validation loss improved at epoch 8: 0.936702
Epoch [010/500] | Train Loss: 0.7682 | Train Acc: 0.6346 | Train Bal Acc: 0.6294 | Train F1: 0.6281 || Val Loss: 0.9885 | Val Acc: 0.5294 | Val Bal Acc: 0.5398 | Val F1: 0.5394 ||LR: 0.001 -> 0.001
Train pred counts: [414 301 232]
Val pred counts: [36 49 34]
Epoch [015/500] | Train Loss: 0.6728 | Train Acc: 0.6864 | Train Bal Acc: 0.6792 | Train F1: 0.6819 || Val Loss: 1.1400 | Val Acc: 0.4790 | Val Bal Acc: 0.5019 | Val F1: 0.4849 ||LR: 0.001 -> 0.001
Train pred counts: [386 337 224]
Val pred counts: [30 46 43]
Epoch [020/500] | Train Loss: 0.5791 | Train Acc: 0.7286 | Train Bal Acc: 0.7234 | Train F1: 0.7254 || Val Loss: 1.2607 | Val Acc: 0.5042 | Val Bal Acc: 0.5005 | Val F1: 0.4992 ||LR: 0.001 -> 0.001
Train pred counts: [380 335 232]
Val pred counts: [51 39 29]
Epoch [025/500] | Train Loss: 0.4937 | Train Acc: 0.7835 | Train Bal Acc: 0.7811 | Train F1: 0.7837 || Val Loss: 1.3476 | Val Acc: 0.4958 | Val Bal Acc: 0.4995 | Val F1: 0.5021 ||LR: 0.001 -> 0.001
Train pred counts: [360 352 235]
Val pred counts: [32 58 29]
Epoch [030/500] | Train Loss: 0.4104 | Train Acc: 0.8310 | Train Bal Acc: 0.8286 | Train F1: 0.8312 || Val Loss: 1.7601 | Val Acc: 0.4874 | Val Bal Acc: 0.4937 | Val F1: 0.4930 ||LR: 0.001 -> 0.001
Train pred counts: [367 346 234]
Val pred counts: [32 52 35]
Epoch [035/500] | Train Loss: 0.3920 | Train Acc: 0.8342 | Train Bal Acc: 0.8327 | Train F1: 0.8349 || Val Loss: 1.6748 | Val Acc: 0.4874 | Val Bal Acc: 0.4677 | Val F1: 0.4729 ||LR: 0.001 -> 0.001
Train pred counts: [369 342 236]
Val pred counts: [40 61 18]
Epoch [040/500] | Train Loss: 0.3383 | Train Acc: 0.8627 | Train Bal Acc: 0.8636 | Train F1: 0.8648 || Val Loss: 1.7961 | Val Acc: 0.4706 | Val Bal Acc: 0.4694 | Val F1: 0.4734 ||LR: 0.001 -> 0.001
Train pred counts: [362 343 242]
Val pred counts: [34 56 29]
Epoch [045/500] | Train Loss: 0.2942 | Train Acc: 0.8881 | Train Bal Acc: 0.8883 | Train F1: 0.8890 || Val Loss: 1.7150 | Val Acc: 0.5210 | Val Bal Acc: 0.5107 | Val F1: 0.5150 ||LR: 0.001 -> 0.001
Train pred counts: [360 343 244]
Val pred counts: [40 53 26]
Epoch [050/500] | Train Loss: 0.2695 | Train Acc: 0.8933 | Train Bal Acc: 0.8916 | Train F1: 0.8929 || Val Loss: 1.7349 | Val Acc: 0.4622 | Val Bal Acc: 0.4720 | Val F1: 0.4743 ||LR: 0.001 -> 0.001
Train pred counts: [366 340 241]
Val pred counts: [32 57 30]
No val-loss improvement at epoch 50. patience 1/100
No val-loss improvement at epoch 51. patience 2/100
No val-loss improvement at epoch 52. patience 3/100
No val-loss improvement at epoch 53. patience 4/100
No val-loss improvement at epoch 54. patience 5/100
Epoch [055/500] | Train Loss: 0.2685 | Train Acc: 0.8796 | Train Bal Acc: 0.8826 | Train F1: 0.8809 || Val Loss: 2.1869 | Val Acc: 0.5210 | Val Bal Acc: 0.5058 | Val F1: 0.5140 ||LR: 0.001 -> 0.001
Train pred counts: [363 327 257]
Val pred counts: [37 64 18]
No val-loss improvement at epoch 55. patience 6/100
No val-loss improvement at epoch 56. patience 7/100
No val-loss improvement at epoch 57. patience 8/100
No val-loss improvement at epoch 58. patience 9/100
No val-loss improvement at epoch 59. patience 10/100
Epoch [060/500] | Train Loss: 0.2185 | Train Acc: 0.9134 | Train Bal Acc: 0.9133 | Train F1: 0.9140 || Val Loss: 2.0542 | Val Acc: 0.4790 | Val Bal Acc: 0.4710 | Val F1: 0.4835 ||LR: 0.001 -> 0.001
Train pred counts: [362 341 244]
Val pred counts: [34 65 20]
No val-loss improvement at epoch 60. patience 11/100
No val-loss improvement at epoch 61. patience 12/100
No val-loss improvement at epoch 62. patience 13/100
No val-loss improvement at epoch 63. patience 14/100
No val-loss improvement at epoch 64. patience 15/100
Epoch [065/500] | Train Loss: 0.2139 | Train Acc: 0.9303 | Train Bal Acc: 0.9301 | Train F1: 0.9309 || Val Loss: 1.8260 | Val Acc: 0.5126 | Val Bal Acc: 0.4972 | Val F1: 0.5066 ||LR: 0.001 -> 0.001
Train pred counts: [361 343 243]
Val pred counts: [40 61 18]
No val-loss improvement at epoch 65. patience 16/100
No val-loss improvement at epoch 66. patience 17/100
No val-loss improvement at epoch 67. patience 18/100
No val-loss improvement at epoch 68. patience 19/100
No val-loss improvement at epoch 69. patience 20/100
Epoch [070/500] | Train Loss: 0.2246 | Train Acc: 0.9134 | Train Bal Acc: 0.9130 | Train F1: 0.9127 || Val Loss: 1.9408 | Val Acc: 0.4958 | Val Bal Acc: 0.4826 | Val F1: 0.4863 ||LR: 0.001 -> 0.001
Train pred counts: [366 331 250]
Val pred counts: [29 74 16]
No val-loss improvement at epoch 70. patience 21/100
No val-loss improvement at epoch 71. patience 22/100
No val-loss improvement at epoch 72. patience 23/100
No val-loss improvement at epoch 73. patience 24/100
No val-loss improvement at epoch 74. patience 25/100
Epoch [075/500] | Train Loss: 0.1861 | Train Acc: 0.9388 | Train Bal Acc: 0.9390 | Train F1: 0.9394 || Val Loss: 2.5199 | Val Acc: 0.4706 | Val Bal Acc: 0.4539 | Val F1: 0.4628 ||LR: 0.001 -> 0.001
Train pred counts: [368 333 246]
Val pred counts: [40 66 13]
No val-loss improvement at epoch 75. patience 26/100
No val-loss improvement at epoch 76. patience 27/100
No val-loss improvement at epoch 77. patience 28/100
No val-loss improvement at epoch 78. patience 29/100
No val-loss improvement at epoch 79. patience 30/100
Epoch [080/500] | Train Loss: 0.1591 | Train Acc: 0.9356 | Train Bal Acc: 0.9371 | Train F1: 0.9372 || Val Loss: 2.4290 | Val Acc: 0.5630 | Val Bal Acc: 0.5356 | Val F1: 0.5323 ||LR: 0.001 -> 0.001
Train pred counts: [364 336 247]
Val pred counts: [39 70 10]
No val-loss improvement at epoch 80. patience 31/100
No val-loss improvement at epoch 81. patience 32/100
No val-loss improvement at epoch 82. patience 33/100
No val-loss improvement at epoch 83. patience 34/100
No val-loss improvement at epoch 84. patience 35/100
Epoch [085/500] | Train Loss: 0.1876 | Train Acc: 0.9261 | Train Bal Acc: 0.9239 | Train F1: 0.9246 || Val Loss: 2.0690 | Val Acc: 0.4874 | Val Bal Acc: 0.4677 | Val F1: 0.4675 ||LR: 0.001 -> 0.001
Train pred counts: [367 336 244]
Val pred counts: [35 71 13]
No val-loss improvement at epoch 85. patience 36/100
No val-loss improvement at epoch 86. patience 37/100
No val-loss improvement at epoch 87. patience 38/100
No val-loss improvement at epoch 88. patience 39/100
No val-loss improvement at epoch 89. patience 40/100
Epoch [090/500] | Train Loss: 0.1982 | Train Acc: 0.9271 | Train Bal Acc: 0.9271 | Train F1: 0.9272 || Val Loss: 2.4359 | Val Acc: 0.4538 | Val Bal Acc: 0.4345 | Val F1: 0.4393 ||LR: 0.001 -> 0.001
Train pred counts: [363 337 247]
Val pred counts: [43 62 14]
No val-loss improvement at epoch 90. patience 41/100
No val-loss improvement at epoch 91. patience 42/100
No val-loss improvement at epoch 92. patience 43/100
No val-loss improvement at epoch 93. patience 44/100
No val-loss improvement at epoch 94. patience 45/100
Epoch [095/500] | Train Loss: 0.1457 | Train Acc: 0.9419 | Train Bal Acc: 0.9413 | Train F1: 0.9414 || Val Loss: 2.3417 | Val Acc: 0.4790 | Val Bal Acc: 0.4625 | Val F1: 0.4647 ||LR: 0.001 -> 0.001
Train pred counts: [369 330 248]
Val pred counts: [33 67 19]
No val-loss improvement at epoch 95. patience 46/100
No val-loss improvement at epoch 96. patience 47/100
No val-loss improvement at epoch 97. patience 48/100
No val-loss improvement at epoch 98. patience 49/100
No val-loss improvement at epoch 99. patience 50/100
Epoch [100/500] | Train Loss: 0.1308 | Train Acc: 0.9556 | Train Bal Acc: 0.9570 | Train F1: 0.9571 || Val Loss: 3.1460 | Val Acc: 0.4874 | Val Bal Acc: 0.4690 | Val F1: 0.4537 ||LR: 0.001 -> 0.001
Train pred counts: [364 336 247]
Val pred counts: [23 88  8]
No val-loss improvement at epoch 100. patience 51/100
No val-loss improvement at epoch 101. patience 52/100
No val-loss improvement at epoch 102. patience 53/100
No val-loss improvement at epoch 103. patience 54/100
No val-loss improvement at epoch 104. patience 55/100
Epoch [105/500] | Train Loss: 0.1727 | Train Acc: 0.9377 | Train Bal Acc: 0.9385 | Train F1: 0.9384 || Val Loss: 2.7364 | Val Acc: 0.5294 | Val Bal Acc: 0.5060 | Val F1: 0.5020 ||LR: 0.001 -> 0.001
Train pred counts: [356 344 247]
Val pred counts: [36 71 12]
No val-loss improvement at epoch 105. patience 56/100
No val-loss improvement at epoch 106. patience 57/100
No val-loss improvement at epoch 107. patience 58/100
No val-loss improvement at epoch 108. patience 59/100
No val-loss improvement at epoch 109. patience 60/100
Epoch [110/500] | Train Loss: 0.1549 | Train Acc: 0.9419 | Train Bal Acc: 0.9408 | Train F1: 0.9419 || Val Loss: 2.6297 | Val Acc: 0.5126 | Val Bal Acc: 0.4908 | Val F1: 0.4976 ||LR: 0.001 -> 0.001
Train pred counts: [368 337 242]
Val pred counts: [45 62 12]
No val-loss improvement at epoch 110. patience 61/100
No val-loss improvement at epoch 111. patience 62/100
No val-loss improvement at epoch 112. patience 63/100
No val-loss improvement at epoch 113. patience 64/100
No val-loss improvement at epoch 114. patience 65/100
Epoch [115/500] | Train Loss: 0.1247 | Train Acc: 0.9556 | Train Bal Acc: 0.9571 | Train F1: 0.9570 || Val Loss: 2.6881 | Val Acc: 0.4958 | Val Bal Acc: 0.4785 | Val F1: 0.4855 ||LR: 0.001 -> 0.001
Train pred counts: [369 329 249]
Val pred counts: [43 59 17]
No val-loss improvement at epoch 115. patience 66/100
No val-loss improvement at epoch 116. patience 67/100
No val-loss improvement at epoch 117. patience 68/100
No val-loss improvement at epoch 118. patience 69/100
No val-loss improvement at epoch 119. patience 70/100
Epoch [120/500] | Train Loss: 0.1278 | Train Acc: 0.9546 | Train Bal Acc: 0.9541 | Train F1: 0.9541 || Val Loss: 2.7444 | Val Acc: 0.5210 | Val Bal Acc: 0.4960 | Val F1: 0.4962 ||LR: 0.001 -> 0.001
Train pred counts: [361 339 247]
Val pred counts: [45 63 11]
No val-loss improvement at epoch 120. patience 71/100
No val-loss improvement at epoch 121. patience 72/100
No val-loss improvement at epoch 122. patience 73/100
No val-loss improvement at epoch 123. patience 74/100
No val-loss improvement at epoch 124. patience 75/100
Epoch [125/500] | Train Loss: 0.1143 | Train Acc: 0.9588 | Train Bal Acc: 0.9608 | Train F1: 0.9611 || Val Loss: 2.8454 | Val Acc: 0.5126 | Val Bal Acc: 0.4958 | Val F1: 0.5018 ||LR: 0.001 -> 0.001
Train pred counts: [363 338 246]
Val pred counts: [47 53 19]
No val-loss improvement at epoch 125. patience 76/100
No val-loss improvement at epoch 126. patience 77/100
No val-loss improvement at epoch 127. patience 78/100
No val-loss improvement at epoch 128. patience 79/100
No val-loss improvement at epoch 129. patience 80/100
Epoch [130/500] | Train Loss: 0.1250 | Train Acc: 0.9630 | Train Bal Acc: 0.9629 | Train F1: 0.9629 || Val Loss: 2.5743 | Val Acc: 0.5546 | Val Bal Acc: 0.5193 | Val F1: 0.5087 ||LR: 0.001 -> 0.001
