Device cuda
[H5] Reusing existing master file: /home/anphan/Documents/caueeg_randomcrop_mono_dementia_seed42.h5

[train_graphs_original]
num graphs: 100382
num subjects: 947
segments per subject: min=106, mean=106.00, max=106
subjects per label: {0: 366, 1: 333, 2: 248}

[val_graphs_original]
num graphs: 952
num subjects: 119
segments per subject: min=8, mean=8.00, max=8
subjects per label: {2: 31, 1: 42, 0: 46}

[test_graphs_original]
num graphs: 944
num subjects: 118
segments per subject: min=8, mean=8.00, max=8
subjects per label: {0: 46, 1: 41, 2: 31}

[train_graphs_after_original_random_k]
num graphs: 100382
num subjects: 947
segments per subject: min=106, mean=106.00, max=106
subjects per label: {0: 366, 1: 333, 2: 248}

[train_segment_instances]
num graphs: 100382
num subjects: 947
segments per subject: min=106, mean=106.00, max=106
subjects per label: {0: 366, 1: 333, 2: 248}

[val_segment_instances]
num graphs: 952
num subjects: 119
segments per subject: min=8, mean=8.00, max=8
subjects per label: {2: 31, 1: 42, 0: 46}

[test_segment_instances]
num graphs: 944
num subjects: 118
segments per subject: min=8, mean=8.00, max=8
subjects per label: {0: 46, 1: 41, 2: 31}
Saved top-k checkpoint: epoch=1, val_loss=1.047267, val_bal_acc=0.4511, val_macro_f1=0.3699
Validation loss improved at epoch 1: 1.047267
Saved top-k checkpoint: epoch=2, val_loss=0.954530, val_bal_acc=0.5207, val_macro_f1=0.4845
Validation loss improved at epoch 2: 0.954530
Saved top-k checkpoint: epoch=3, val_loss=0.994999, val_bal_acc=0.5422, val_macro_f1=0.5039
Saved top-k checkpoint: epoch=4, val_loss=0.958512, val_bal_acc=0.4545, val_macro_f1=0.4592
Removed checkpoint that fell out of top-3: /home/anphan/Documents/CAUEEG/result_MIL-LinkX-level/20260501_182813_segment_original_random_k_wpli_k10_nonorm_gnn_bank_gatv2_mean_fixed/seed15/best_model_topk_epoch001_valloss1.047267.pt
Epoch [005/500] | Train Loss: 0.9084 | Train Acc: 0.5607 | Train Bal Acc: 0.5535 | Train F1: 0.5434 || Val Loss: 0.9498 | Val Acc: 0.4790 | Val Bal Acc: 0.4606 | Val F1: 0.4393 ||LR: 0.001 -> 0.001
Train pred counts: [471 235 241]
Val pred counts: [66 28 25]
Saved top-k checkpoint: epoch=5, val_loss=0.949819, val_bal_acc=0.4606, val_macro_f1=0.4393
Removed checkpoint that fell out of top-3: /home/anphan/Documents/CAUEEG/result_MIL-LinkX-level/20260501_182813_segment_original_random_k_wpli_k10_nonorm_gnn_bank_gatv2_mean_fixed/seed15/best_model_topk_epoch003_valloss0.994999.pt
Validation loss improved at epoch 5: 0.949819
Saved top-k checkpoint: epoch=6, val_loss=0.937096, val_bal_acc=0.4985, val_macro_f1=0.4855
Removed checkpoint that fell out of top-3: /home/anphan/Documents/CAUEEG/result_MIL-LinkX-level/20260501_182813_segment_original_random_k_wpli_k10_nonorm_gnn_bank_gatv2_mean_fixed/seed15/best_model_topk_epoch004_valloss0.958512.pt
Validation loss improved at epoch 6: 0.937096
Saved top-k checkpoint: epoch=7, val_loss=0.940996, val_bal_acc=0.5083, val_macro_f1=0.5044
Removed checkpoint that fell out of top-3: /home/anphan/Documents/CAUEEG/result_MIL-LinkX-level/20260501_182813_segment_original_random_k_wpli_k10_nonorm_gnn_bank_gatv2_mean_fixed/seed15/best_model_topk_epoch002_valloss0.954530.pt
Epoch [010/500] | Train Loss: 0.7890 | Train Acc: 0.6230 | Train Bal Acc: 0.6168 | Train F1: 0.6158 || Val Loss: 0.9386 | Val Acc: 0.5126 | Val Bal Acc: 0.5001 | Val F1: 0.4967 ||LR: 0.001 -> 0.001
Train pred counts: [427 295 225]
Val pred counts: [59 36 24]
Saved top-k checkpoint: epoch=10, val_loss=0.938596, val_bal_acc=0.5001, val_macro_f1=0.4967
Removed checkpoint that fell out of top-3: /home/anphan/Documents/CAUEEG/result_MIL-LinkX-level/20260501_182813_segment_original_random_k_wpli_k10_nonorm_gnn_bank_gatv2_mean_fixed/seed15/best_model_topk_epoch005_valloss0.949819.pt
Epoch [015/500] | Train Loss: 0.6670 | Train Acc: 0.6959 | Train Bal Acc: 0.6888 | Train F1: 0.6925 || Val Loss: 1.0592 | Val Acc: 0.5126 | Val Bal Acc: 0.5028 | Val F1: 0.5087 ||LR: 0.001 -> 0.001
Train pred counts: [401 331 215]
Val pred counts: [52 44 23]
Epoch [020/500] | Train Loss: 0.5379 | Train Acc: 0.7751 | Train Bal Acc: 0.7701 | Train F1: 0.7738 || Val Loss: 1.3692 | Val Acc: 0.4958 | Val Bal Acc: 0.4954 | Val F1: 0.4973 ||LR: 0.001 -> 0.001
Train pred counts: [367 353 227]
Val pred counts: [41 46 32]
Epoch [025/500] | Train Loss: 0.4511 | Train Acc: 0.8110 | Train Bal Acc: 0.8086 | Train F1: 0.8111 || Val Loss: 1.3512 | Val Acc: 0.4622 | Val Bal Acc: 0.4552 | Val F1: 0.4619 ||LR: 0.001 -> 0.001
Train pred counts: [372 341 234]
Val pred counts: [44 49 26]
Epoch [030/500] | Train Loss: 0.3905 | Train Acc: 0.8553 | Train Bal Acc: 0.8539 | Train F1: 0.8556 || Val Loss: 1.5443 | Val Acc: 0.5210 | Val Bal Acc: 0.5107 | Val F1: 0.5169 ||LR: 0.001 -> 0.001
Train pred counts: [365 343 239]
Val pred counts: [33 67 19]
Epoch [035/500] | Train Loss: 0.3389 | Train Acc: 0.8870 | Train Bal Acc: 0.8888 | Train F1: 0.8882 || Val Loss: 1.8741 | Val Acc: 0.5210 | Val Bal Acc: 0.5107 | Val F1: 0.5190 ||LR: 0.001 -> 0.001
Train pred counts: [364 332 251]
Val pred counts: [44 54 21]
Epoch [040/500] | Train Loss: 0.2519 | Train Acc: 0.8976 | Train Bal Acc: 0.8989 | Train F1: 0.8990 || Val Loss: 1.8650 | Val Acc: 0.5210 | Val Bal Acc: 0.5079 | Val F1: 0.5097 ||LR: 0.001 -> 0.001
Train pred counts: [371 328 248]
Val pred counts: [33 67 19]
Epoch [045/500] | Train Loss: 0.2318 | Train Acc: 0.8955 | Train Bal Acc: 0.8963 | Train F1: 0.8967 || Val Loss: 2.3743 | Val Acc: 0.5210 | Val Bal Acc: 0.5129 | Val F1: 0.5128 ||LR: 0.001 -> 0.001
Train pred counts: [369 332 246]
Val pred counts: [57 36 26]
Epoch [050/500] | Train Loss: 0.2363 | Train Acc: 0.9124 | Train Bal Acc: 0.9146 | Train F1: 0.9128 || Val Loss: 2.2260 | Val Acc: 0.4958 | Val Bal Acc: 0.4770 | Val F1: 0.4800 ||LR: 0.001 -> 0.001
Train pred counts: [360 330 257]
Val pred counts: [40 64 15]
No val-loss improvement at epoch 50. patience 1/100
No val-loss improvement at epoch 51. patience 2/100
No val-loss improvement at epoch 52. patience 3/100
No val-loss improvement at epoch 53. patience 4/100
No val-loss improvement at epoch 54. patience 5/100
Epoch [055/500] | Train Loss: 0.1943 | Train Acc: 0.9293 | Train Bal Acc: 0.9308 | Train F1: 0.9303 || Val Loss: 2.0927 | Val Acc: 0.4622 | Val Bal Acc: 0.4495 | Val F1: 0.4561 ||LR: 0.001 -> 0.001
Train pred counts: [359 338 250]
Val pred counts: [37 63 19]
No val-loss improvement at epoch 55. patience 6/100
No val-loss improvement at epoch 56. patience 7/100
No val-loss improvement at epoch 57. patience 8/100
No val-loss improvement at epoch 58. patience 9/100
No val-loss improvement at epoch 59. patience 10/100
Epoch [060/500] | Train Loss: 0.2226 | Train Acc: 0.9176 | Train Bal Acc: 0.9180 | Train F1: 0.9172 || Val Loss: 1.9600 | Val Acc: 0.4874 | Val Bal Acc: 0.4824 | Val F1: 0.4912 ||LR: 0.001 -> 0.001
Train pred counts: [362 333 252]
Val pred counts: [36 62 21]
No val-loss improvement at epoch 60. patience 11/100
No val-loss improvement at epoch 61. patience 12/100
No val-loss improvement at epoch 62. patience 13/100
No val-loss improvement at epoch 63. patience 14/100
No val-loss improvement at epoch 64. patience 15/100
Epoch [065/500] | Train Loss: 0.2009 | Train Acc: 0.9240 | Train Bal Acc: 0.9276 | Train F1: 0.9267 || Val Loss: 2.2276 | Val Acc: 0.5126 | Val Bal Acc: 0.4852 | Val F1: 0.4814 ||LR: 0.001 -> 0.001
Train pred counts: [348 349 250]
Val pred counts: [45 64 10]
No val-loss improvement at epoch 65. patience 16/100
No val-loss improvement at epoch 66. patience 17/100
No val-loss improvement at epoch 67. patience 18/100
No val-loss improvement at epoch 68. patience 19/100
No val-loss improvement at epoch 69. patience 20/100
Epoch [070/500] | Train Loss: 0.1390 | Train Acc: 0.9377 | Train Bal Acc: 0.9358 | Train F1: 0.9361 || Val Loss: 2.5728 | Val Acc: 0.5126 | Val Bal Acc: 0.5056 | Val F1: 0.5128 ||LR: 0.001 -> 0.001
Train pred counts: [369 331 247]
Val pred counts: [44 51 24]
No val-loss improvement at epoch 70. patience 21/100
No val-loss improvement at epoch 71. patience 22/100
No val-loss improvement at epoch 72. patience 23/100
No val-loss improvement at epoch 73. patience 24/100
No val-loss improvement at epoch 74. patience 25/100
Epoch [075/500] | Train Loss: 0.1512 | Train Acc: 0.9461 | Train Bal Acc: 0.9468 | Train F1: 0.9466 || Val Loss: 2.5583 | Val Acc: 0.4706 | Val Bal Acc: 0.4428 | Val F1: 0.4379 ||LR: 0.001 -> 0.001
Train pred counts: [355 345 247]
Val pred counts: [55 49 15]
No val-loss improvement at epoch 75. patience 26/100
No val-loss improvement at epoch 76. patience 27/100
No val-loss improvement at epoch 77. patience 28/100
No val-loss improvement at epoch 78. patience 29/100
No val-loss improvement at epoch 79. patience 30/100
Epoch [080/500] | Train Loss: 0.1654 | Train Acc: 0.9430 | Train Bal Acc: 0.9450 | Train F1: 0.9440 || Val Loss: 2.1493 | Val Acc: 0.5294 | Val Bal Acc: 0.5284 | Val F1: 0.5297 ||LR: 0.001 -> 0.001
Train pred counts: [362 332 253]
Val pred counts: [34 61 24]
No val-loss improvement at epoch 80. patience 31/100
No val-loss improvement at epoch 81. patience 32/100
No val-loss improvement at epoch 82. patience 33/100
No val-loss improvement at epoch 83. patience 34/100
No val-loss improvement at epoch 84. patience 35/100
Epoch [085/500] | Train Loss: 0.1341 | Train Acc: 0.9483 | Train Bal Acc: 0.9505 | Train F1: 0.9487 || Val Loss: 2.6024 | Val Acc: 0.4790 | Val Bal Acc: 0.4471 | Val F1: 0.4262 ||LR: 0.001 -> 0.001
Train pred counts: [353 338 256]
Val pred counts: [39 72  8]
No val-loss improvement at epoch 85. patience 36/100
No val-loss improvement at epoch 86. patience 37/100
No val-loss improvement at epoch 87. patience 38/100
No val-loss improvement at epoch 88. patience 39/100
No val-loss improvement at epoch 89. patience 40/100
Epoch [090/500] | Train Loss: 0.1187 | Train Acc: 0.9525 | Train Bal Acc: 0.9527 | Train F1: 0.9521 || Val Loss: 2.3745 | Val Acc: 0.5210 | Val Bal Acc: 0.5135 | Val F1: 0.5169 ||LR: 0.001 -> 0.001
Train pred counts: [363 333 251]
Val pred counts: [34 62 23]
No val-loss improvement at epoch 90. patience 41/100
No val-loss improvement at epoch 91. patience 42/100
No val-loss improvement at epoch 92. patience 43/100
No val-loss improvement at epoch 93. patience 44/100
No val-loss improvement at epoch 94. patience 45/100
Epoch [095/500] | Train Loss: 0.1055 | Train Acc: 0.9630 | Train Bal Acc: 0.9625 | Train F1: 0.9630 || Val Loss: 2.1781 | Val Acc: 0.4958 | Val Bal Acc: 0.4799 | Val F1: 0.4836 ||LR: 0.001 -> 0.001
Train pred counts: [366 336 245]
Val pred counts: [50 48 21]
No val-loss improvement at epoch 95. patience 46/100
No val-loss improvement at epoch 96. patience 47/100
No val-loss improvement at epoch 97. patience 48/100
No val-loss improvement at epoch 98. patience 49/100
No val-loss improvement at epoch 99. patience 50/100
Epoch [100/500] | Train Loss: 0.1059 | Train Acc: 0.9641 | Train Bal Acc: 0.9639 | Train F1: 0.9635 || Val Loss: 2.6725 | Val Acc: 0.5210 | Val Bal Acc: 0.4925 | Val F1: 0.4895 ||LR: 0.001 -> 0.001
Train pred counts: [361 337 249]
Val pred counts: [44 65 10]
No val-loss improvement at epoch 100. patience 51/100
No val-loss improvement at epoch 101. patience 52/100
No val-loss improvement at epoch 102. patience 53/100
No val-loss improvement at epoch 103. patience 54/100
No val-loss improvement at epoch 104. patience 55/100
Epoch [105/500] | Train Loss: 0.1233 | Train Acc: 0.9630 | Train Bal Acc: 0.9639 | Train F1: 0.9640 || Val Loss: 2.4174 | Val Acc: 0.5294 | Val Bal Acc: 0.5194 | Val F1: 0.5229 ||LR: 0.001 -> 0.001
Train pred counts: [368 331 248]
Val pred counts: [37 56 26]
No val-loss improvement at epoch 105. patience 56/100
No val-loss improvement at epoch 106. patience 57/100
No val-loss improvement at epoch 107. patience 58/100
No val-loss improvement at epoch 108. patience 59/100
No val-loss improvement at epoch 109. patience 60/100
Epoch [110/500] | Train Loss: 0.1144 | Train Acc: 0.9609 | Train Bal Acc: 0.9605 | Train F1: 0.9603 || Val Loss: 2.4869 | Val Acc: 0.5546 | Val Bal Acc: 0.5298 | Val F1: 0.5316 ||LR: 0.001 -> 0.001
Train pred counts: [365 333 249]
Val pred counts: [41 65 13]
No val-loss improvement at epoch 110. patience 61/100
No val-loss improvement at epoch 111. patience 62/100
No val-loss improvement at epoch 112. patience 63/100
No val-loss improvement at epoch 113. patience 64/100
No val-loss improvement at epoch 114. patience 65/100
Epoch [115/500] | Train Loss: 0.1035 | Train Acc: 0.9673 | Train Bal Acc: 0.9688 | Train F1: 0.9681 || Val Loss: 2.4481 | Val Acc: 0.5042 | Val Bal Acc: 0.4899 | Val F1: 0.4927 ||LR: 0.001 -> 0.001
Train pred counts: [363 333 251]
Val pred counts: [39 56 24]
No val-loss improvement at epoch 115. patience 66/100
No val-loss improvement at epoch 116. patience 67/100
No val-loss improvement at epoch 117. patience 68/100
No val-loss improvement at epoch 118. patience 69/100
No val-loss improvement at epoch 119. patience 70/100
Epoch [120/500] | Train Loss: 0.0951 | Train Acc: 0.9588 | Train Bal Acc: 0.9598 | Train F1: 0.9583 || Val Loss: 2.8250 | Val Acc: 0.5630 | Val Bal Acc: 0.5413 | Val F1: 0.5467 ||LR: 0.001 -> 0.001
Train pred counts: [366 324 257]
Val pred counts: [50 53 16]
No val-loss improvement at epoch 120. patience 71/100
No val-loss improvement at epoch 121. patience 72/100
No val-loss improvement at epoch 122. patience 73/100
No val-loss improvement at epoch 123. patience 74/100
No val-loss improvement at epoch 124. patience 75/100
Epoch [125/500] | Train Loss: 0.0976 | Train Acc: 0.9662 | Train Bal Acc: 0.9652 | Train F1: 0.9664 || Val Loss: 2.9104 | Val Acc: 0.5630 | Val Bal Acc: 0.5427 | Val F1: 0.5436 ||LR: 0.001 -> 0.001
Train pred counts: [370 335 242]
Val pred counts: [36 69 14]
No val-loss improvement at epoch 125. patience 76/100
No val-loss improvement at epoch 126. patience 77/100
No val-loss improvement at epoch 127. patience 78/100
No val-loss improvement at epoch 128. patience 79/100
No val-loss improvement at epoch 129. patience 80/100
Epoch [130/500] | Train Loss: 0.0993 | Train Acc: 0.9641 | Train Bal Acc: 0.9640 | Train F1: 0.9641 || Val Loss: 2.9365 | Val Acc: 0.5378 | Val Bal Acc: 0.5231 | Val F1: 0.5258 ||LR: 0.001 -> 0.001
Train pred counts: [371 327 249]
Val pred counts: [43 53 23]
No val-loss improvement at epoch 130. patience 81/100
No val-loss improvement at epoch 131. patience 82/100
No val-loss improvement at epoch 132. patience 83/100
No val-loss improvement at epoch 133. patience 84/100
No val-loss improvement at epoch 134. patience 85/100
Epoch [135/500] | Train Loss: 0.0879 | Train Acc: 0.9725 | Train Bal Acc: 0.9733 | Train F1: 0.9727 || Val Loss: 2.9290 | Val Acc: 0.5126 | Val Bal Acc: 0.4880 | Val F1: 0.4865 ||LR: 0.001 -> 0.001
Train pred counts: [367 328 252]
Val pred counts: [43 61 15]
No val-loss improvement at epoch 135. patience 86/100
No val-loss improvement at epoch 136. patience 87/100
No val-loss improvement at epoch 137. patience 88/100
No val-loss improvement at epoch 138. patience 89/100
No val-loss improvement at epoch 139. patience 90/100
Epoch [140/500] | Train Loss: 0.0940 | Train Acc: 0.9662 | Train Bal Acc: 0.9659 | Train F1: 0.9656 || Val Loss: 2.7776 | Val Acc: 0.5294 | Val Bal Acc: 0.5137 | Val F1: 0.5189 ||LR: 0.001 -> 0.001
Train pred counts: [362 336 249]
Val pred counts: [37 63 19]
No val-loss improvement at epoch 140. patience 91/100
No val-loss improvement at epoch 141. patience 92/100
No val-loss improvement at epoch 142. patience 93/100
No val-loss improvement at epoch 143. patience 94/100
No val-loss improvement at epoch 144. patience 95/100
Epoch [145/500] | Train Loss: 0.1147 | Train Acc: 0.9609 | Train Bal Acc: 0.9609 | Train F1: 0.9603 || Val Loss: 2.5219 | Val Acc: 0.5042 | Val Bal Acc: 0.4998 | Val F1: 0.4990 ||LR: 0.001 -> 0.001
Train pred counts: [363 333 251]
Val pred counts: [46 41 32]
No val-loss improvement at epoch 145. patience 96/100
No val-loss improvement at epoch 146. patience 97/100
No val-loss improvement at epoch 147. patience 98/100
No val-loss improvement at epoch 148. patience 99/100
No val-loss improvement at epoch 149. patience 100/100
Early stopping triggered at epoch 149. Best val_loss=0.937096 (epoch 6).
Saved final selected checkpoint to: /home/anphan/Documents/CAUEEG/result_MIL-LinkX-level/20260501_182813_segment_original_random_k_wpli_k10_nonorm_gnn_bank_gatv2_mean_fixed/seed15/best_model.pt
Saved segment attention with prototypes to: /home/anphan/Documents/CAUEEG/result_MIL-LinkX-level/20260501_182813_segment_original_random_k_wpli_k10_nonorm_gnn_bank_gatv2_mean_fixed/seed15/segment_attention_with_prototypes.csv
  split  subject_id  true_label  ...   prob_0    prob_1    prob_2
0  test  test_00001           1  ...  0.64523  0.281522  0.073248
1  test  test_00001           1  ...  0.64523  0.281522  0.073248
2  test  test_00001           1  ...  0.64523  0.281522  0.073248
3  test  test_00001           1  ...  0.64523  0.281522  0.073248
4  test  test_00001           1  ...  0.64523  0.281522  0.073248

[5 rows x 11 columns]
[H5] Reusing existing master file: /home/anphan/Documents/caueeg_randomcrop_mono_dementia_seed42.h5

[train_graphs_original]
num graphs: 100382
num subjects: 947
segments per subject: min=106, mean=106.00, max=106
subjects per label: {0: 366, 1: 333, 2: 248}

[val_graphs_original]
num graphs: 952
num subjects: 119
segments per subject: min=8, mean=8.00, max=8
subjects per label: {2: 31, 1: 42, 0: 46}

[test_graphs_original]
num graphs: 944
num subjects: 118
segments per subject: min=8, mean=8.00, max=8
subjects per label: {0: 46, 1: 41, 2: 31}

[train_graphs_after_original_random_k]
num graphs: 100382
num subjects: 947
segments per subject: min=106, mean=106.00, max=106
subjects per label: {0: 366, 1: 333, 2: 248}

[train_segment_instances]
num graphs: 100382
num subjects: 947
segments per subject: min=106, mean=106.00, max=106
subjects per label: {0: 366, 1: 333, 2: 248}

[val_segment_instances]
num graphs: 952
num subjects: 119
segments per subject: min=8, mean=8.00, max=8
subjects per label: {2: 31, 1: 42, 0: 46}

[test_segment_instances]
num graphs: 944
num subjects: 118
segments per subject: min=8, mean=8.00, max=8
subjects per label: {0: 46, 1: 41, 2: 31}
Saved top-k checkpoint: epoch=1, val_loss=1.033210, val_bal_acc=0.5167, val_macro_f1=0.4684
Validation loss improved at epoch 1: 1.033210
Saved top-k checkpoint: epoch=2, val_loss=0.984540, val_bal_acc=0.5249, val_macro_f1=0.4763
Validation loss improved at epoch 2: 0.984540
Saved top-k checkpoint: epoch=3, val_loss=0.948732, val_bal_acc=0.4374, val_macro_f1=0.4422
Validation loss improved at epoch 3: 0.948732
Saved top-k checkpoint: epoch=4, val_loss=0.949295, val_bal_acc=0.5055, val_macro_f1=0.4716
Removed checkpoint that fell out of top-3: /home/anphan/Documents/CAUEEG/result_MIL-LinkX-level/20260501_182813_segment_original_random_k_wpli_k10_nonorm_gnn_bank_gatv2_mean_fixed/seed42/best_model_topk_epoch001_valloss1.033210.pt
Epoch [005/500] | Train Loss: 0.9010 | Train Acc: 0.5385 | Train Bal Acc: 0.5331 | Train F1: 0.5105 || Val Loss: 0.9503 | Val Acc: 0.5126 | Val Bal Acc: 0.5324 | Val F1: 0.4973 ||LR: 0.001 -> 0.001
Train pred counts: [500 192 255]
Val pred counts: [48 26 45]
Saved top-k checkpoint: epoch=5, val_loss=0.950273, val_bal_acc=0.5324, val_macro_f1=0.4973
Removed checkpoint that fell out of top-3: /home/anphan/Documents/CAUEEG/result_MIL-LinkX-level/20260501_182813_segment_original_random_k_wpli_k10_nonorm_gnn_bank_gatv2_mean_fixed/seed42/best_model_topk_epoch002_valloss0.984540.pt
Saved top-k checkpoint: epoch=8, val_loss=0.941066, val_bal_acc=0.4910, val_macro_f1=0.4821
Removed checkpoint that fell out of top-3: /home/anphan/Documents/CAUEEG/result_MIL-LinkX-level/20260501_182813_segment_original_random_k_wpli_k10_nonorm_gnn_bank_gatv2_mean_fixed/seed42/best_model_topk_epoch005_valloss0.950273.pt
Validation loss improved at epoch 8: 0.941066
Epoch [010/500] | Train Loss: 0.7590 | Train Acc: 0.6346 | Train Bal Acc: 0.6331 | Train F1: 0.6295 || Val Loss: 0.9514 | Val Acc: 0.5546 | Val Bal Acc: 0.5405 | Val F1: 0.5436 ||LR: 0.001 -> 0.001
Train pred counts: [393 301 253]
Val pred counts: [54 42 23]
Epoch [015/500] | Train Loss: 0.6467 | Train Acc: 0.7054 | Train Bal Acc: 0.7026 | Train F1: 0.7033 || Val Loss: 1.2054 | Val Acc: 0.5210 | Val Bal Acc: 0.5129 | Val F1: 0.5143 ||LR: 0.001 -> 0.001
Train pred counts: [382 326 239]
Val pred counts: [53 40 26]
Epoch [020/500] | Train Loss: 0.5519 | Train Acc: 0.7677 | Train Bal Acc: 0.7650 | Train F1: 0.7681 || Val Loss: 1.1348 | Val Acc: 0.4874 | Val Bal Acc: 0.4768 | Val F1: 0.4854 ||LR: 0.001 -> 0.001
Train pred counts: [359 356 232]
Val pred counts: [34 68 17]
Epoch [025/500] | Train Loss: 0.4313 | Train Acc: 0.8131 | Train Bal Acc: 0.8093 | Train F1: 0.8115 || Val Loss: 1.3658 | Val Acc: 0.5378 | Val Bal Acc: 0.5161 | Val F1: 0.5211 ||LR: 0.001 -> 0.001
Train pred counts: [368 344 235]
Val pred counts: [57 46 16]
Epoch [030/500] | Train Loss: 0.4117 | Train Acc: 0.8321 | Train Bal Acc: 0.8286 | Train F1: 0.8323 || Val Loss: 1.5132 | Val Acc: 0.5462 | Val Bal Acc: 0.5395 | Val F1: 0.5461 ||LR: 0.001 -> 0.001
Train pred counts: [378 342 227]
Val pred counts: [40 53 26]
Epoch [035/500] | Train Loss: 0.3431 | Train Acc: 0.8427 | Train Bal Acc: 0.8448 | Train F1: 0.8448 || Val Loss: 1.7608 | Val Acc: 0.4874 | Val Bal Acc: 0.4734 | Val F1: 0.4789 ||LR: 0.001 -> 0.001
Train pred counts: [362 337 248]
Val pred counts: [55 44 20]
Epoch [040/500] | Train Loss: 0.3003 | Train Acc: 0.8775 | Train Bal Acc: 0.8789 | Train F1: 0.8795 || Val Loss: 1.6306 | Val Acc: 0.5462 | Val Bal Acc: 0.5388 | Val F1: 0.5428 ||LR: 0.001 -> 0.001
Train pred counts: [367 335 245]
Val pred counts: [42 49 28]
Epoch [045/500] | Train Loss: 0.2688 | Train Acc: 0.8986 | Train Bal Acc: 0.9012 | Train F1: 0.9007 || Val Loss: 1.7112 | Val Acc: 0.5126 | Val Bal Acc: 0.5000 | Val F1: 0.5073 ||LR: 0.001 -> 0.001
Train pred counts: [360 337 250]
Val pred counts: [42 56 21]
Epoch [050/500] | Train Loss: 0.2523 | Train Acc: 0.9050 | Train Bal Acc: 0.9083 | Train F1: 0.9075 || Val Loss: 1.8901 | Val Acc: 0.5210 | Val Bal Acc: 0.5045 | Val F1: 0.5151 ||LR: 0.001 -> 0.001
Train pred counts: [365 330 252]
Val pred counts: [56 47 16]
No val-loss improvement at epoch 50. patience 1/100
No val-loss improvement at epoch 51. patience 2/100
No val-loss improvement at epoch 52. patience 3/100
No val-loss improvement at epoch 53. patience 4/100
No val-loss improvement at epoch 54. patience 5/100
Epoch [055/500] | Train Loss: 0.2127 | Train Acc: 0.9197 | Train Bal Acc: 0.9196 | Train F1: 0.9196 || Val Loss: 2.0114 | Val Acc: 0.5126 | Val Bal Acc: 0.4937 | Val F1: 0.4950 ||LR: 0.001 -> 0.001
Train pred counts: [368 331 248]
Val pred counts: [50 46 23]
No val-loss improvement at epoch 55. patience 6/100
No val-loss improvement at epoch 56. patience 7/100
No val-loss improvement at epoch 57. patience 8/100
No val-loss improvement at epoch 58. patience 9/100
No val-loss improvement at epoch 59. patience 10/100
Epoch [060/500] | Train Loss: 0.2064 | Train Acc: 0.9219 | Train Bal Acc: 0.9237 | Train F1: 0.9232 || Val Loss: 2.1955 | Val Acc: 0.5630 | Val Bal Acc: 0.5434 | Val F1: 0.5510 ||LR: 0.001 -> 0.001
Train pred counts: [372 324 251]
Val pred counts: [42 62 15]
No val-loss improvement at epoch 60. patience 11/100
No val-loss improvement at epoch 61. patience 12/100
No val-loss improvement at epoch 62. patience 13/100
No val-loss improvement at epoch 63. patience 14/100
No val-loss improvement at epoch 64. patience 15/100
Epoch [065/500] | Train Loss: 0.2015 | Train Acc: 0.9176 | Train Bal Acc: 0.9208 | Train F1: 0.9197 || Val Loss: 1.9425 | Val Acc: 0.5378 | Val Bal Acc: 0.5217 | Val F1: 0.5300 ||LR: 0.001 -> 0.001
Train pred counts: [362 332 253]
Val pred counts: [39 65 15]
No val-loss improvement at epoch 65. patience 16/100
No val-loss improvement at epoch 66. patience 17/100
No val-loss improvement at epoch 67. patience 18/100
No val-loss improvement at epoch 68. patience 19/100
No val-loss improvement at epoch 69. patience 20/100
Epoch [070/500] | Train Loss: 0.1628 | Train Acc: 0.9303 | Train Bal Acc: 0.9296 | Train F1: 0.9299 || Val Loss: 2.1510 | Val Acc: 0.5210 | Val Bal Acc: 0.5094 | Val F1: 0.5097 ||LR: 0.001 -> 0.001
Train pred counts: [369 331 247]
Val pred counts: [49 42 28]
No val-loss improvement at epoch 70. patience 21/100
No val-loss improvement at epoch 71. patience 22/100
No val-loss improvement at epoch 72. patience 23/100
No val-loss improvement at epoch 73. patience 24/100
No val-loss improvement at epoch 74. patience 25/100
Epoch [075/500] | Train Loss: 0.1612 | Train Acc: 0.9324 | Train Bal Acc: 0.9348 | Train F1: 0.9347 || Val Loss: 2.0035 | Val Acc: 0.4958 | Val Bal Acc: 0.4834 | Val F1: 0.4944 ||LR: 0.001 -> 0.001
Train pred counts: [364 335 248]
Val pred counts: [42 56 21]
No val-loss improvement at epoch 75. patience 26/100
No val-loss improvement at epoch 76. patience 27/100
No val-loss improvement at epoch 77. patience 28/100
No val-loss improvement at epoch 78. patience 29/100
No val-loss improvement at epoch 79. patience 30/100
Epoch [080/500] | Train Loss: 0.1548 | Train Acc: 0.9409 | Train Bal Acc: 0.9407 | Train F1: 0.9402 || Val Loss: 2.0719 | Val Acc: 0.5042 | Val Bal Acc: 0.4892 | Val F1: 0.4971 ||LR: 0.001 -> 0.001
Train pred counts: [367 329 251]
Val pred counts: [44 57 18]
No val-loss improvement at epoch 80. patience 31/100
No val-loss improvement at epoch 81. patience 32/100
No val-loss improvement at epoch 82. patience 33/100
No val-loss improvement at epoch 83. patience 34/100
No val-loss improvement at epoch 84. patience 35/100
Epoch [085/500] | Train Loss: 0.1207 | Train Acc: 0.9588 | Train Bal Acc: 0.9602 | Train F1: 0.9597 || Val Loss: 3.0449 | Val Acc: 0.4790 | Val Bal Acc: 0.4640 | Val F1: 0.4707 ||LR: 0.001 -> 0.001
Train pred counts: [367 329 251]
Val pred counts: [49 50 20]
No val-loss improvement at epoch 85. patience 36/100
No val-loss improvement at epoch 86. patience 37/100
No val-loss improvement at epoch 87. patience 38/100
No val-loss improvement at epoch 88. patience 39/100
No val-loss improvement at epoch 89. patience 40/100
Epoch [090/500] | Train Loss: 0.1534 | Train Acc: 0.9398 | Train Bal Acc: 0.9399 | Train F1: 0.9403 || Val Loss: 2.0819 | Val Acc: 0.5714 | Val Bal Acc: 0.5662 | Val F1: 0.5688 ||LR: 0.001 -> 0.001
Train pred counts: [361 341 245]
Val pred counts: [48 43 28]
No val-loss improvement at epoch 90. patience 41/100
No val-loss improvement at epoch 91. patience 42/100
No val-loss improvement at epoch 92. patience 43/100
No val-loss improvement at epoch 93. patience 44/100
No val-loss improvement at epoch 94. patience 45/100
Epoch [095/500] | Train Loss: 0.1025 | Train Acc: 0.9630 | Train Bal Acc: 0.9645 | Train F1: 0.9641 || Val Loss: 2.9703 | Val Acc: 0.5210 | Val Bal Acc: 0.5015 | Val F1: 0.5044 ||LR: 0.001 -> 0.001
Train pred counts: [364 333 250]
Val pred counts: [33 73 13]
No val-loss improvement at epoch 95. patience 46/100
No val-loss improvement at epoch 96. patience 47/100
No val-loss improvement at epoch 97. patience 48/100
No val-loss improvement at epoch 98. patience 49/100
No val-loss improvement at epoch 99. patience 50/100
Epoch [100/500] | Train Loss: 0.1232 | Train Acc: 0.9546 | Train Bal Acc: 0.9522 | Train F1: 0.9532 || Val Loss: 2.4961 | Val Acc: 0.5462 | Val Bal Acc: 0.5275 | Val F1: 0.5299 ||LR: 0.001 -> 0.001
Train pred counts: [372 332 243]
Val pred counts: [32 71 16]
No val-loss improvement at epoch 100. patience 51/100
No val-loss improvement at epoch 101. patience 52/100
No val-loss improvement at epoch 102. patience 53/100
No val-loss improvement at epoch 103. patience 54/100
No val-loss improvement at epoch 104. patience 55/100
Epoch [105/500] | Train Loss: 0.1086 | Train Acc: 0.9630 | Train Bal Acc: 0.9639 | Train F1: 0.9637 || Val Loss: 2.6821 | Val Acc: 0.5210 | Val Bal Acc: 0.5052 | Val F1: 0.5148 ||LR: 0.001 -> 0.001
Train pred counts: [361 338 248]
Val pred counts: [54 48 17]
No val-loss improvement at epoch 105. patience 56/100
No val-loss improvement at epoch 106. patience 57/100
No val-loss improvement at epoch 107. patience 58/100
No val-loss improvement at epoch 108. patience 59/100
No val-loss improvement at epoch 109. patience 60/100
Epoch [110/500] | Train Loss: 0.1302 | Train Acc: 0.9567 | Train Bal Acc: 0.9569 | Train F1: 0.9567 || Val Loss: 2.5930 | Val Acc: 0.5798 | Val Bal Acc: 0.5565 | Val F1: 0.5645 ||LR: 0.001 -> 0.001
Train pred counts: [360 339 248]
Val pred counts: [39 69 11]
No val-loss improvement at epoch 110. patience 61/100
No val-loss improvement at epoch 111. patience 62/100
No val-loss improvement at epoch 112. patience 63/100
No val-loss improvement at epoch 113. patience 64/100
No val-loss improvement at epoch 114. patience 65/100
Epoch [115/500] | Train Loss: 0.1254 | Train Acc: 0.9535 | Train Bal Acc: 0.9536 | Train F1: 0.9531 || Val Loss: 2.6392 | Val Acc: 0.5630 | Val Bal Acc: 0.5413 | Val F1: 0.5512 ||LR: 0.001 -> 0.001
Train pred counts: [361 336 250]
Val pred counts: [48 57 14]
No val-loss improvement at epoch 115. patience 66/100
No val-loss improvement at epoch 116. patience 67/100
No val-loss improvement at epoch 117. patience 68/100
No val-loss improvement at epoch 118. patience 69/100
No val-loss improvement at epoch 119. patience 70/100
Epoch [120/500] | Train Loss: 0.1342 | Train Acc: 0.9514 | Train Bal Acc: 0.9537 | Train F1: 0.9526 || Val Loss: 2.4241 | Val Acc: 0.5462 | Val Bal Acc: 0.5352 | Val F1: 0.5443 ||LR: 0.001 -> 0.001
Train pred counts: [359 335 253]
Val pred counts: [30 75 14]
No val-loss improvement at epoch 120. patience 71/100
No val-loss improvement at epoch 121. patience 72/100
No val-loss improvement at epoch 122. patience 73/100
No val-loss improvement at epoch 123. patience 74/100
No val-loss improvement at epoch 124. patience 75/100
Epoch [125/500] | Train Loss: 0.1259 | Train Acc: 0.9525 | Train Bal Acc: 0.9520 | Train F1: 0.9522 || Val Loss: 2.6155 | Val Acc: 0.6134 | Val Bal Acc: 0.5981 | Val F1: 0.6100 ||LR: 0.001 -> 0.001
Train pred counts: [366 334 247]
Val pred counts: [44 58 17]
No val-loss improvement at epoch 125. patience 76/100
No val-loss improvement at epoch 126. patience 77/100
No val-loss improvement at epoch 127. patience 78/100
No val-loss improvement at epoch 128. patience 79/100
No val-loss improvement at epoch 129. patience 80/100
Epoch [130/500] | Train Loss: 0.1393 | Train Acc: 0.9493 | Train Bal Acc: 0.9516 | Train F1: 0.9506 || Val Loss: 2.2219 | Val Acc: 0.5546 | Val Bal Acc: 0.5425 | Val F1: 0.5581 ||LR: 0.001 -> 0.001
Train pred counts: [370 323 254]
Val pred counts: [39 64 16]
No val-loss improvement at epoch 130. patience 81/100
No val-loss improvement at epoch 131. patience 82/100
No val-loss improvement at epoch 132. patience 83/100
No val-loss improvement at epoch 133. patience 84/100
No val-loss improvement at epoch 134. patience 85/100
Epoch [135/500] | Train Loss: 0.0897 | Train Acc: 0.9768 | Train Bal Acc: 0.9765 | Train F1: 0.9766 || Val Loss: 2.5770 | Val Acc: 0.5714 | Val Bal Acc: 0.5570 | Val F1: 0.5666 ||LR: 0.001 -> 0.001
Train pred counts: [366 334 247]
Val pred counts: [43 58 18]
No val-loss improvement at epoch 135. patience 86/100
No val-loss improvement at epoch 136. patience 87/100
No val-loss improvement at epoch 137. patience 88/100
No val-loss improvement at epoch 138. patience 89/100
No val-loss improvement at epoch 139. patience 90/100
Epoch [140/500] | Train Loss: 0.1031 | Train Acc: 0.9588 | Train Bal Acc: 0.9593 | Train F1: 0.9590 || Val Loss: 2.8227 | Val Acc: 0.5378 | Val Bal Acc: 0.5175 | Val F1: 0.5252 ||LR: 0.001 -> 0.001
Train pred counts: [368 329 250]
Val pred counts: [43 63 13]
No val-loss improvement at epoch 140. patience 91/100
No val-loss improvement at epoch 141. patience 92/100
No val-loss improvement at epoch 142. patience 93/100
No val-loss improvement at epoch 143. patience 94/100
No val-loss improvement at epoch 144. patience 95/100
Epoch [145/500] | Train Loss: 0.1151 | Train Acc: 0.9578 | Train Bal Acc: 0.9589 | Train F1: 0.9584 || Val Loss: 2.6821 | Val Acc: 0.5462 | Val Bal Acc: 0.5297 | Val F1: 0.5382 ||LR: 0.001 -> 0.001
Train pred counts: [362 335 250]
Val pred counts: [42 57 20]
No val-loss improvement at epoch 145. patience 96/100
No val-loss improvement at epoch 146. patience 97/100
No val-loss improvement at epoch 147. patience 98/100
No val-loss improvement at epoch 148. patience 99/100
No val-loss improvement at epoch 149. patience 100/100
Early stopping triggered at epoch 149. Best val_loss=0.941066 (epoch 8).
Saved final selected checkpoint to: /home/anphan/Documents/CAUEEG/result_MIL-LinkX-level/20260501_182813_segment_original_random_k_wpli_k10_nonorm_gnn_bank_gatv2_mean_fixed/seed42/best_model.pt
Saved segment attention with prototypes to: /home/anphan/Documents/CAUEEG/result_MIL-LinkX-level/20260501_182813_segment_original_random_k_wpli_k10_nonorm_gnn_bank_gatv2_mean_fixed/seed42/segment_attention_with_prototypes.csv
  split  subject_id  true_label  ...    prob_0    prob_1    prob_2
0  test  test_00001           1  ...  0.380751  0.381625  0.237624
1  test  test_00001           1  ...  0.380751  0.381625  0.237624
2  test  test_00001           1  ...  0.380751  0.381625  0.237624
3  test  test_00001           1  ...  0.380751  0.381625  0.237624
4  test  test_00001           1  ...  0.380751  0.381625  0.237624

[5 rows x 11 columns]
[H5] Reusing existing master file: /home/anphan/Documents/caueeg_randomcrop_mono_dementia_seed42.h5

[train_graphs_original]
num graphs: 100382
num subjects: 947
segments per subject: min=106, mean=106.00, max=106
subjects per label: {0: 366, 1: 333, 2: 248}

[val_graphs_original]
num graphs: 952
num subjects: 119
segments per subject: min=8, mean=8.00, max=8
subjects per label: {2: 31, 1: 42, 0: 46}

[test_graphs_original]
num graphs: 944
num subjects: 118
segments per subject: min=8, mean=8.00, max=8
subjects per label: {0: 46, 1: 41, 2: 31}

[train_graphs_after_original_random_k]
num graphs: 100382
num subjects: 947
segments per subject: min=106, mean=106.00, max=106
subjects per label: {0: 366, 1: 333, 2: 248}

[train_segment_instances]
num graphs: 100382
num subjects: 947
segments per subject: min=106, mean=106.00, max=106
subjects per label: {0: 366, 1: 333, 2: 248}

[val_segment_instances]
num graphs: 952
num subjects: 119
segments per subject: min=8, mean=8.00, max=8
subjects per label: {2: 31, 1: 42, 0: 46}

[test_segment_instances]
num graphs: 944
num subjects: 118
segments per subject: min=8, mean=8.00, max=8
subjects per label: {0: 46, 1: 41, 2: 31}
Saved top-k checkpoint: epoch=1, val_loss=0.982628, val_bal_acc=0.4782, val_macro_f1=0.4490
Validation loss improved at epoch 1: 0.982628
Saved top-k checkpoint: epoch=2, val_loss=0.944705, val_bal_acc=0.5101, val_macro_f1=0.4949
Validation loss improved at epoch 2: 0.944705
Saved top-k checkpoint: epoch=3, val_loss=0.954850, val_bal_acc=0.5079, val_macro_f1=0.4547
Saved top-k checkpoint: epoch=4, val_loss=0.937780, val_bal_acc=0.5321, val_macro_f1=0.5370
Removed checkpoint that fell out of top-3: /home/anphan/Documents/CAUEEG/result_MIL-LinkX-level/20260501_182813_segment_original_random_k_wpli_k10_nonorm_gnn_bank_gatv2_mean_fixed/seed100/best_model_topk_epoch001_valloss0.982628.pt
Validation loss improved at epoch 4: 0.937780
Epoch [005/500] | Train Loss: 0.8844 | Train Acc: 0.5681 | Train Bal Acc: 0.5621 | Train F1: 0.5573 || Val Loss: 1.0094 | Val Acc: 0.5378 | Val Bal Acc: 0.5331 | Val F1: 0.5097 ||LR: 0.001 -> 0.001
Train pred counts: [443 274 230]
Val pred counts: [69 21 29]
Saved top-k checkpoint: epoch=6, val_loss=0.936981, val_bal_acc=0.5146, val_macro_f1=0.4935
Removed checkpoint that fell out of top-3: /home/anphan/Documents/CAUEEG/result_MIL-LinkX-level/20260501_182813_segment_original_random_k_wpli_k10_nonorm_gnn_bank_gatv2_mean_fixed/seed100/best_model_topk_epoch003_valloss0.954850.pt
Epoch [010/500] | Train Loss: 0.7767 | Train Acc: 0.6367 | Train Bal Acc: 0.6343 | Train F1: 0.6325 || Val Loss: 1.0742 | Val Acc: 0.4790 | Val Bal Acc: 0.4536 | Val F1: 0.4449 ||LR: 0.001 -> 0.001
Train pred counts: [382 315 250]
Val pred counts: [68 35 16]
Epoch [015/500] | Train Loss: 0.6423 | Train Acc: 0.7107 | Train Bal Acc: 0.7039 | Train F1: 0.7099 || Val Loss: 0.9929 | Val Acc: 0.5210 | Val Bal Acc: 0.5213 | Val F1: 0.5269 ||LR: 0.001 -> 0.001
Train pred counts: [361 373 213]
Val pred counts: [47 45 27]
Epoch [020/500] | Train Loss: 0.5253 | Train Acc: 0.7888 | Train Bal Acc: 0.7889 | Train F1: 0.7906 || Val Loss: 1.1472 | Val Acc: 0.5714 | Val Bal Acc: 0.5675 | Val F1: 0.5705 ||LR: 0.001 -> 0.001
Train pred counts: [362 345 240]
Val pred counts: [47 44 28]
Epoch [025/500] | Train Loss: 0.4037 | Train Acc: 0.8384 | Train Bal Acc: 0.8384 | Train F1: 0.8387 || Val Loss: 1.3755 | Val Acc: 0.5462 | Val Bal Acc: 0.5375 | Val F1: 0.5320 ||LR: 0.001 -> 0.001
Train pred counts: [358 342 247]
Val pred counts: [53 36 30]
Epoch [030/500] | Train Loss: 0.3648 | Train Acc: 0.8522 | Train Bal Acc: 0.8539 | Train F1: 0.8549 || Val Loss: 1.3689 | Val Acc: 0.5210 | Val Bal Acc: 0.5185 | Val F1: 0.5239 ||LR: 0.001 -> 0.001
Train pred counts: [365 339 243]
Val pred counts: [41 49 29]
Epoch [035/500] | Train Loss: 0.3179 | Train Acc: 0.8733 | Train Bal Acc: 0.8760 | Train F1: 0.8754 || Val Loss: 1.5164 | Val Acc: 0.4958 | Val Bal Acc: 0.4807 | Val F1: 0.4824 ||LR: 0.001 -> 0.001
Train pred counts: [371 325 251]
Val pred counts: [53 43 23]
Epoch [040/500] | Train Loss: 0.2886 | Train Acc: 0.8997 | Train Bal Acc: 0.8995 | Train F1: 0.9009 || Val Loss: 1.6415 | Val Acc: 0.5378 | Val Bal Acc: 0.5196 | Val F1: 0.5258 ||LR: 0.001 -> 0.001
Train pred counts: [369 337 241]
Val pred counts: [52 48 19]
Epoch [045/500] | Train Loss: 0.2299 | Train Acc: 0.9176 | Train Bal Acc: 0.9171 | Train F1: 0.9185 || Val Loss: 1.8668 | Val Acc: 0.5546 | Val Bal Acc: 0.5404 | Val F1: 0.5435 ||LR: 0.001 -> 0.001
Train pred counts: [370 336 241]
Val pred counts: [46 49 24]
Epoch [050/500] | Train Loss: 0.2202 | Train Acc: 0.9187 | Train Bal Acc: 0.9195 | Train F1: 0.9190 || Val Loss: 1.7190 | Val Acc: 0.5042 | Val Bal Acc: 0.5005 | Val F1: 0.5100 ||LR: 0.001 -> 0.001
Train pred counts: [367 329 251]
Val pred counts: [45 50 24]
No val-loss improvement at epoch 50. patience 1/100
No val-loss improvement at epoch 51. patience 2/100
No val-loss improvement at epoch 52. patience 3/100
No val-loss improvement at epoch 53. patience 4/100
No val-loss improvement at epoch 54. patience 5/100
Epoch [055/500] | Train Loss: 0.2415 | Train Acc: 0.9092 | Train Bal Acc: 0.9109 | Train F1: 0.9104 || Val Loss: 1.9156 | Val Acc: 0.5126 | Val Bal Acc: 0.4909 | Val F1: 0.4973 ||LR: 0.001 -> 0.001
Train pred counts: [361 336 250]
Val pred counts: [56 49 14]
No val-loss improvement at epoch 55. patience 6/100
No val-loss improvement at epoch 56. patience 7/100
No val-loss improvement at epoch 57. patience 8/100
No val-loss improvement at epoch 58. patience 9/100
No val-loss improvement at epoch 59. patience 10/100
Epoch [060/500] | Train Loss: 0.1573 | Train Acc: 0.9461 | Train Bal Acc: 0.9462 | Train F1: 0.9456 || Val Loss: 2.2192 | Val Acc: 0.4874 | Val Bal Acc: 0.4810 | Val F1: 0.4898 ||LR: 0.001 -> 0.001
Train pred counts: [364 332 251]
Val pred counts: [32 70 17]
No val-loss improvement at epoch 60. patience 11/100
No val-loss improvement at epoch 61. patience 12/100
No val-loss improvement at epoch 62. patience 13/100
No val-loss improvement at epoch 63. patience 14/100
No val-loss improvement at epoch 64. patience 15/100
Epoch [065/500] | Train Loss: 0.1615 | Train Acc: 0.9398 | Train Bal Acc: 0.9403 | Train F1: 0.9405 || Val Loss: 2.3002 | Val Acc: 0.5042 | Val Bal Acc: 0.4823 | Val F1: 0.4874 ||LR: 0.001 -> 0.001
Train pred counts: [361 340 246]
Val pred counts: [56 48 15]
No val-loss improvement at epoch 65. patience 16/100
No val-loss improvement at epoch 66. patience 17/100
No val-loss improvement at epoch 67. patience 18/100
No val-loss improvement at epoch 68. patience 19/100
No val-loss improvement at epoch 69. patience 20/100
Epoch [070/500] | Train Loss: 0.1776 | Train Acc: 0.9366 | Train Bal Acc: 0.9369 | Train F1: 0.9372 || Val Loss: 2.3904 | Val Acc: 0.4874 | Val Bal Acc: 0.4677 | Val F1: 0.4741 ||LR: 0.001 -> 0.001
Train pred counts: [367 334 246]
Val pred counts: [43 61 15]
No val-loss improvement at epoch 70. patience 21/100
No val-loss improvement at epoch 71. patience 22/100
No val-loss improvement at epoch 72. patience 23/100
No val-loss improvement at epoch 73. patience 24/100
No val-loss improvement at epoch 74. patience 25/100
Epoch [075/500] | Train Loss: 0.1315 | Train Acc: 0.9514 | Train Bal Acc: 0.9519 | Train F1: 0.9517 || Val Loss: 2.2748 | Val Acc: 0.5294 | Val Bal Acc: 0.5237 | Val F1: 0.5191 ||LR: 0.001 -> 0.001
Train pred counts: [365 333 249]
Val pred counts: [54 34 31]
No val-loss improvement at epoch 75. patience 26/100
No val-loss improvement at epoch 76. patience 27/100
No val-loss improvement at epoch 77. patience 28/100
No val-loss improvement at epoch 78. patience 29/100
No val-loss improvement at epoch 79. patience 30/100
Epoch [080/500] | Train Loss: 0.1369 | Train Acc: 0.9483 | Train Bal Acc: 0.9482 | Train F1: 0.9483 || Val Loss: 2.3420 | Val Acc: 0.5126 | Val Bal Acc: 0.5015 | Val F1: 0.4971 ||LR: 0.001 -> 0.001
Train pred counts: [364 336 247]
Val pred counts: [54 36 29]
No val-loss improvement at epoch 80. patience 31/100
No val-loss improvement at epoch 81. patience 32/100
No val-loss improvement at epoch 82. patience 33/100
No val-loss improvement at epoch 83. patience 34/100
No val-loss improvement at epoch 84. patience 35/100
Epoch [085/500] | Train Loss: 0.0946 | Train Acc: 0.9652 | Train Bal Acc: 0.9667 | Train F1: 0.9658 || Val Loss: 2.7246 | Val Acc: 0.5546 | Val Bal Acc: 0.5376 | Val F1: 0.5475 ||LR: 0.001 -> 0.001
Train pred counts: [365 329 253]
Val pred counts: [45 57 17]
No val-loss improvement at epoch 85. patience 36/100
No val-loss improvement at epoch 86. patience 37/100
No val-loss improvement at epoch 87. patience 38/100
No val-loss improvement at epoch 88. patience 39/100
No val-loss improvement at epoch 89. patience 40/100
Epoch [090/500] | Train Loss: 0.1219 | Train Acc: 0.9556 | Train Bal Acc: 0.9566 | Train F1: 0.9566 || Val Loss: 2.9466 | Val Acc: 0.5126 | Val Bal Acc: 0.4937 | Val F1: 0.5024 ||LR: 0.001 -> 0.001
Train pred counts: [371 327 249]
Val pred counts: [57 47 15]
No val-loss improvement at epoch 90. patience 41/100
No val-loss improvement at epoch 91. patience 42/100
No val-loss improvement at epoch 92. patience 43/100
No val-loss improvement at epoch 93. patience 44/100
No val-loss improvement at epoch 94. patience 45/100
Epoch [095/500] | Train Loss: 0.1534 | Train Acc: 0.9461 | Train Bal Acc: 0.9463 | Train F1: 0.9462 || Val Loss: 2.7691 | Val Acc: 0.4790 | Val Bal Acc: 0.4570 | Val F1: 0.4603 ||LR: 0.001 -> 0.001
Train pred counts: [368 330 249]
Val pred counts: [55 49 15]
No val-loss improvement at epoch 95. patience 46/100
No val-loss improvement at epoch 96. patience 47/100
No val-loss improvement at epoch 97. patience 48/100
No val-loss improvement at epoch 98. patience 49/100
No val-loss improvement at epoch 99. patience 50/100
Epoch [100/500] | Train Loss: 0.0892 | Train Acc: 0.9725 | Train Bal Acc: 0.9722 | Train F1: 0.9723 || Val Loss: 3.0457 | Val Acc: 0.5042 | Val Bal Acc: 0.4900 | Val F1: 0.4901 ||LR: 0.001 -> 0.001
Train pred counts: [360 341 246]
Val pred counts: [50 42 27]
No val-loss improvement at epoch 100. patience 51/100
No val-loss improvement at epoch 101. patience 52/100
No val-loss improvement at epoch 102. patience 53/100
No val-loss improvement at epoch 103. patience 54/100
No val-loss improvement at epoch 104. patience 55/100
Epoch [105/500] | Train Loss: 0.1239 | Train Acc: 0.9578 | Train Bal Acc: 0.9592 | Train F1: 0.9577 || Val Loss: 2.5145 | Val Acc: 0.4790 | Val Bal Acc: 0.4597 | Val F1: 0.4581 ||LR: 0.001 -> 0.001
Train pred counts: [359 333 255]
Val pred counts: [33 68 18]
No val-loss improvement at epoch 105. patience 56/100
No val-loss improvement at epoch 106. patience 57/100
No val-loss improvement at epoch 107. patience 58/100
No val-loss improvement at epoch 108. patience 59/100
No val-loss improvement at epoch 109. patience 60/100
Epoch [110/500] | Train Loss: 0.0915 | Train Acc: 0.9673 | Train Bal Acc: 0.9668 | Train F1: 0.9671 || Val Loss: 3.2504 | Val Acc: 0.4706 | Val Bal Acc: 0.4547 | Val F1: 0.4592 ||LR: 0.001 -> 0.001
Train pred counts: [365 336 246]
Val pred counts: [49 51 19]
No val-loss improvement at epoch 110. patience 61/100
No val-loss improvement at epoch 111. patience 62/100
No val-loss improvement at epoch 112. patience 63/100
No val-loss improvement at epoch 113. patience 64/100
No val-loss improvement at epoch 114. patience 65/100
Epoch [115/500] | Train Loss: 0.0875 | Train Acc: 0.9694 | Train Bal Acc: 0.9706 | Train F1: 0.9700 || Val Loss: 2.8300 | Val Acc: 0.5378 | Val Bal Acc: 0.5267 | Val F1: 0.5298 ||LR: 0.001 -> 0.001
Train pred counts: [364 332 251]
Val pred counts: [48 45 26]
No val-loss improvement at epoch 115. patience 66/100
No val-loss improvement at epoch 116. patience 67/100
No val-loss improvement at epoch 117. patience 68/100
No val-loss improvement at epoch 118. patience 69/100
No val-loss improvement at epoch 119. patience 70/100
Epoch [120/500] | Train Loss: 0.0861 | Train Acc: 0.9673 | Train Bal Acc: 0.9678 | Train F1: 0.9683 || Val Loss: 2.1721 | Val Acc: 0.5042 | Val Bal Acc: 0.4829 | Val F1: 0.4856 ||LR: 0.001 -> 0.001
Train pred counts: [369 332 246]
Val pred counts: [47 57 15]
No val-loss improvement at epoch 120. patience 71/100
No val-loss improvement at epoch 121. patience 72/100
No val-loss improvement at epoch 122. patience 73/100
No val-loss improvement at epoch 123. patience 74/100
No val-loss improvement at epoch 124. patience 75/100
Epoch [125/500] | Train Loss: 0.1169 | Train Acc: 0.9567 | Train Bal Acc: 0.9579 | Train F1: 0.9577 || Val Loss: 2.5695 | Val Acc: 0.5210 | Val Bal Acc: 0.5009 | Val F1: 0.5041 ||LR: 0.001 -> 0.001
Train pred counts: [365 333 249]
Val pred counts: [48 54 17]
No val-loss improvement at epoch 125. patience 76/100
No val-loss improvement at epoch 126. patience 77/100
No val-loss improvement at epoch 127. patience 78/100
No val-loss improvement at epoch 128. patience 79/100
No val-loss improvement at epoch 129. patience 80/100
Epoch [130/500] | Train Loss: 0.0856 | Train Acc: 0.9725 | Train Bal Acc: 0.9742 | Train F1: 0.9730 || Val Loss: 2.7629 | Val Acc: 0.5126 | Val Bal Acc: 0.4958 | Val F1: 0.4977 ||LR: 0.001 -> 0.001
Train pred counts: [362 331 254]
Val pred counts: [47 49 23]
No val-loss improvement at epoch 130. patience 81/100
No val-loss improvement at epoch 131. patience 82/100
No val-loss improvement at epoch 132. patience 83/100
No val-loss improvement at epoch 133. patience 84/100
No val-loss improvement at epoch 134. patience 85/100
Epoch [135/500] | Train Loss: 0.1001 | Train Acc: 0.9683 | Train Bal Acc: 0.9688 | Train F1: 0.9690 || Val Loss: 3.1718 | Val Acc: 0.4706 | Val Bal Acc: 0.4679 | Val F1: 0.4712 ||LR: 0.001 -> 0.001
Train pred counts: [366 334 247]
Val pred counts: [34 61 24]
No val-loss improvement at epoch 135. patience 86/100
No val-loss improvement at epoch 136. patience 87/100
No val-loss improvement at epoch 137. patience 88/100
No val-loss improvement at epoch 138. patience 89/100
No val-loss improvement at epoch 139. patience 90/100
Epoch [140/500] | Train Loss: 0.1309 | Train Acc: 0.9525 | Train Bal Acc: 0.9523 | Train F1: 0.9525 || Val Loss: 2.4323 | Val Acc: 0.4958 | Val Bal Acc: 0.4833 | Val F1: 0.4829 ||LR: 0.001 -> 0.001
Train pred counts: [363 338 246]
Val pred counts: [26 75 18]
No val-loss improvement at epoch 140. patience 91/100
No val-loss improvement at epoch 141. patience 92/100
No val-loss improvement at epoch 142. patience 93/100
No val-loss improvement at epoch 143. patience 94/100
No val-loss improvement at epoch 144. patience 95/100
Epoch [145/500] | Train Loss: 0.0922 | Train Acc: 0.9599 | Train Bal Acc: 0.9601 | Train F1: 0.9603 || Val Loss: 2.6917 | Val Acc: 0.5210 | Val Bal Acc: 0.5100 | Val F1: 0.5140 ||LR: 0.001 -> 0.001
Train pred counts: [365 335 247]
Val pred counts: [41 51 27]
No val-loss improvement at epoch 145. patience 96/100
No val-loss improvement at epoch 146. patience 97/100
No val-loss improvement at epoch 147. patience 98/100
No val-loss improvement at epoch 148. patience 99/100
No val-loss improvement at epoch 149. patience 100/100
Early stopping triggered at epoch 149. Best val_loss=0.937780 (epoch 4).
Saved final selected checkpoint to: /home/anphan/Documents/CAUEEG/result_MIL-LinkX-level/20260501_182813_segment_original_random_k_wpli_k10_nonorm_gnn_bank_gatv2_mean_fixed/seed100/best_model.pt
Saved segment attention with prototypes to: /home/anphan/Documents/CAUEEG/result_MIL-LinkX-level/20260501_182813_segment_original_random_k_wpli_k10_nonorm_gnn_bank_gatv2_mean_fixed/seed100/segment_attention_with_prototypes.csv
  split  subject_id  true_label  ...    prob_0    prob_1    prob_2
0  test  test_00001           1  ...  0.298108  0.427128  0.274764
1  test  test_00001           1  ...  0.298108  0.427128  0.274764
2  test  test_00001           1  ...  0.298108  0.427128  0.274764
3  test  test_00001           1  ...  0.298108  0.427128  0.274764
4  test  test_00001           1  ...  0.298108  0.427128  0.274764

[5 rows x 11 columns]
Saved per-seed results: /home/anphan/Documents/CAUEEG/result_MIL-LinkX-level/20260501_182813_segment_original_random_k_wpli_k10_nonorm_gnn_bank_gatv2_mean_fixed/agg_seed_results/all_seed_results.csv
Saved aggregate results: /home/anphan/Documents/CAUEEG/result_MIL-LinkX-level/20260501_182813_segment_original_random_k_wpli_k10_nonorm_gnn_bank_gatv2_mean_fixed/agg_seed_results/aggregate_seed_results.csv
Saved aggregate confusion matrix: /home/anphan/Documents/CAUEEG/result_MIL-LinkX-level/20260501_182813_segment_original_random_k_wpli_k10_nonorm_gnn_bank_gatv2_mean_fixed/agg_seed_results/aggregate_confusion_matrix.json
run_name segment_original_random_k_wpli_k10_nonorm_gnn_bank_gatv2_mean_fixed

Aggregate across seeds:
  accuracy_mean_std balanced_accuracy_mean_std macro_f1_mean_std
0   0.5904 ± 0.0435            0.5841 ± 0.0400   0.5757 ± 0.0555
