Device cuda
[H5] Reusing existing master file: /home/anphan/Documents/caueeg_randomcrop_mono_dementia_seed42.h5

[train_graphs_original]
num graphs: 100382
num subjects: 947
segments per subject: min=106, mean=106.00, max=106
subjects per label: {0: 366, 1: 333, 2: 248}

[val_graphs_original]
num graphs: 952
num subjects: 119
segments per subject: min=8, mean=8.00, max=8
subjects per label: {2: 31, 1: 42, 0: 46}

[test_graphs_original]
num graphs: 944
num subjects: 118
segments per subject: min=8, mean=8.00, max=8
subjects per label: {0: 46, 1: 41, 2: 31}

[train_graphs_after_original_random_k]
num graphs: 100382
num subjects: 947
segments per subject: min=106, mean=106.00, max=106
subjects per label: {0: 366, 1: 333, 2: 248}

[train_segment_instances]
num graphs: 100382
num subjects: 947
segments per subject: min=106, mean=106.00, max=106
subjects per label: {0: 366, 1: 333, 2: 248}

[val_segment_instances]
num graphs: 952
num subjects: 119
segments per subject: min=8, mean=8.00, max=8
subjects per label: {2: 31, 1: 42, 0: 46}

[test_segment_instances]
num graphs: 944
num subjects: 118
segments per subject: min=8, mean=8.00, max=8
subjects per label: {0: 46, 1: 41, 2: 31}
Saved top-k checkpoint: epoch=1, val_loss=0.998197, val_bal_acc=0.4565, val_macro_f1=0.3920
Validation loss improved at epoch 1: 0.998197
Saved top-k checkpoint: epoch=2, val_loss=0.941567, val_bal_acc=0.4763, val_macro_f1=0.4429
Validation loss improved at epoch 2: 0.941567
Saved top-k checkpoint: epoch=3, val_loss=1.014823, val_bal_acc=0.5195, val_macro_f1=0.5026
Saved top-k checkpoint: epoch=4, val_loss=0.978512, val_bal_acc=0.4268, val_macro_f1=0.4035
Removed checkpoint that fell out of top-3: /home/anphan/Documents/CAUEEG/result_MIL-LinkX-level/20260501_114024_segment_original_random_k_wpli_k10_gcnnorm_LINKX_gatv2_mean_fixed/seed15/best_model_topk_epoch003_valloss1.014823.pt
Epoch [005/200] | Train Loss: 0.8838 | Train Acc: 0.5660 | Train Bal Acc: 0.5586 | Train F1: 0.5499 || Val Loss: 1.0170 | Val Acc: 0.5042 | Val Bal Acc: 0.5301 | Val F1: 0.4711 ||LR: 0.001 -> 0.001
Train pred counts: [448 254 245]
Val pred counts: [50 17 52]
Saved top-k checkpoint: epoch=6, val_loss=0.978500, val_bal_acc=0.5263, val_macro_f1=0.4871
Removed checkpoint that fell out of top-3: /home/anphan/Documents/CAUEEG/result_MIL-LinkX-level/20260501_114024_segment_original_random_k_wpli_k10_gcnnorm_LINKX_gatv2_mean_fixed/seed15/best_model_topk_epoch001_valloss0.998197.pt
Saved top-k checkpoint: epoch=7, val_loss=0.951260, val_bal_acc=0.4957, val_macro_f1=0.4669
Removed checkpoint that fell out of top-3: /home/anphan/Documents/CAUEEG/result_MIL-LinkX-level/20260501_114024_segment_original_random_k_wpli_k10_gcnnorm_LINKX_gatv2_mean_fixed/seed15/best_model_topk_epoch004_valloss0.978512.pt
Epoch [010/200] | Train Loss: 0.7917 | Train Acc: 0.6241 | Train Bal Acc: 0.6189 | Train F1: 0.6201 || Val Loss: 0.9905 | Val Acc: 0.5210 | Val Bal Acc: 0.5304 | Val F1: 0.5238 ||LR: 0.001 -> 0.001
Train pred counts: [403 319 225]
Val pred counts: [43 40 36]
Epoch [015/200] | Train Loss: 0.6504 | Train Acc: 0.7064 | Train Bal Acc: 0.7003 | Train F1: 0.7037 || Val Loss: 1.1222 | Val Acc: 0.5210 | Val Bal Acc: 0.5115 | Val F1: 0.5120 ||LR: 0.001 -> 0.001
Train pred counts: [388 337 222]
Val pred counts: [51 40 28]
Epoch [020/200] | Train Loss: 0.4906 | Train Acc: 0.7941 | Train Bal Acc: 0.7924 | Train F1: 0.7948 || Val Loss: 1.2715 | Val Acc: 0.5546 | Val Bal Acc: 0.5320 | Val F1: 0.5377 ||LR: 0.001 -> 0.001
Train pred counts: [371 341 235]
Val pred counts: [44 61 14]
Epoch [025/200] | Train Loss: 0.4310 | Train Acc: 0.8226 | Train Bal Acc: 0.8210 | Train F1: 0.8216 || Val Loss: 1.5171 | Val Acc: 0.5042 | Val Bal Acc: 0.4914 | Val F1: 0.5012 ||LR: 0.001 -> 0.001
Train pred counts: [370 333 244]
Val pred counts: [44 55 20]
Epoch [030/200] | Train Loss: 0.3689 | Train Acc: 0.8511 | Train Bal Acc: 0.8517 | Train F1: 0.8507 || Val Loss: 1.6343 | Val Acc: 0.5294 | Val Bal Acc: 0.5117 | Val F1: 0.5130 ||LR: 0.001 -> 0.001
Train pred counts: [372 322 253]
Val pred counts: [49 45 25]
Epoch [035/200] | Train Loss: 0.3064 | Train Acc: 0.8828 | Train Bal Acc: 0.8832 | Train F1: 0.8832 || Val Loss: 1.7871 | Val Acc: 0.5294 | Val Bal Acc: 0.5110 | Val F1: 0.5179 ||LR: 0.001 -> 0.001
Train pred counts: [364 335 248]
Val pred counts: [46 55 18]
Epoch [040/200] | Train Loss: 0.2391 | Train Acc: 0.9166 | Train Bal Acc: 0.9180 | Train F1: 0.9179 || Val Loss: 2.1720 | Val Acc: 0.5126 | Val Bal Acc: 0.4993 | Val F1: 0.5109 ||LR: 0.001 -> 0.001
Train pred counts: [359 340 248]
Val pred counts: [48 54 17]
Epoch [045/200] | Train Loss: 0.2407 | Train Acc: 0.9102 | Train Bal Acc: 0.9116 | Train F1: 0.9114 || Val Loss: 1.8943 | Val Acc: 0.5462 | Val Bal Acc: 0.5437 | Val F1: 0.5403 ||LR: 0.001 -> 0.001
Train pred counts: [365 333 249]
Val pred counts: [43 39 37]
Epoch [050/200] | Train Loss: 0.2074 | Train Acc: 0.9166 | Train Bal Acc: 0.9175 | Train F1: 0.9180 || Val Loss: 2.1129 | Val Acc: 0.4958 | Val Bal Acc: 0.4904 | Val F1: 0.4972 ||LR: 0.001 -> 0.001
Train pred counts: [363 339 245]
Val pred counts: [41 52 26]
No val-loss improvement at epoch 50. patience 1/50
No val-loss improvement at epoch 51. patience 2/50
No val-loss improvement at epoch 52. patience 3/50
No val-loss improvement at epoch 53. patience 4/50
No val-loss improvement at epoch 54. patience 5/50
Epoch [055/200] | Train Loss: 0.1820 | Train Acc: 0.9314 | Train Bal Acc: 0.9336 | Train F1: 0.9330 || Val Loss: 1.8494 | Val Acc: 0.5294 | Val Bal Acc: 0.5187 | Val F1: 0.5236 ||LR: 0.001 -> 0.001
Train pred counts: [359 338 250]
Val pred counts: [50 45 24]
No val-loss improvement at epoch 55. patience 6/50
No val-loss improvement at epoch 56. patience 7/50
No val-loss improvement at epoch 57. patience 8/50
No val-loss improvement at epoch 58. patience 9/50
No val-loss improvement at epoch 59. patience 10/50
Epoch [060/200] | Train Loss: 0.1600 | Train Acc: 0.9345 | Train Bal Acc: 0.9374 | Train F1: 0.9368 || Val Loss: 2.5411 | Val Acc: 0.5210 | Val Bal Acc: 0.5044 | Val F1: 0.5112 ||LR: 0.001 -> 0.001
Train pred counts: [363 333 251]
Val pred counts: [42 58 19]
No val-loss improvement at epoch 60. patience 11/50
No val-loss improvement at epoch 61. patience 12/50
No val-loss improvement at epoch 62. patience 13/50
No val-loss improvement at epoch 63. patience 14/50
No val-loss improvement at epoch 64. patience 15/50
Epoch [065/200] | Train Loss: 0.1987 | Train Acc: 0.9261 | Train Bal Acc: 0.9266 | Train F1: 0.9273 || Val Loss: 2.0497 | Val Acc: 0.5210 | Val Bal Acc: 0.5107 | Val F1: 0.5168 ||LR: 0.001 -> 0.001
Train pred counts: [365 338 244]
Val pred counts: [39 55 25]
No val-loss improvement at epoch 65. patience 16/50
No val-loss improvement at epoch 66. patience 17/50
No val-loss improvement at epoch 67. patience 18/50
No val-loss improvement at epoch 68. patience 19/50
No val-loss improvement at epoch 69. patience 20/50
Epoch [070/200] | Train Loss: 0.1692 | Train Acc: 0.9377 | Train Bal Acc: 0.9375 | Train F1: 0.9386 || Val Loss: 2.4919 | Val Acc: 0.5042 | Val Bal Acc: 0.4914 | Val F1: 0.4983 ||LR: 0.001 -> 0.001
Train pred counts: [366 339 242]
Val pred counts: [44 53 22]
No val-loss improvement at epoch 70. patience 21/50
No val-loss improvement at epoch 71. patience 22/50
No val-loss improvement at epoch 72. patience 23/50
No val-loss improvement at epoch 73. patience 24/50
No val-loss improvement at epoch 74. patience 25/50
Epoch [075/200] | Train Loss: 0.1365 | Train Acc: 0.9451 | Train Bal Acc: 0.9459 | Train F1: 0.9453 || Val Loss: 2.9240 | Val Acc: 0.4874 | Val Bal Acc: 0.4817 | Val F1: 0.4888 ||LR: 0.001 -> 0.001
Train pred counts: [375 319 253]
Val pred counts: [33 70 16]
No val-loss improvement at epoch 75. patience 26/50
No val-loss improvement at epoch 76. patience 27/50
No val-loss improvement at epoch 77. patience 28/50
No val-loss improvement at epoch 78. patience 29/50
No val-loss improvement at epoch 79. patience 30/50
Epoch [080/200] | Train Loss: 0.1933 | Train Acc: 0.9430 | Train Bal Acc: 0.9459 | Train F1: 0.9454 || Val Loss: 2.1176 | Val Acc: 0.4286 | Val Bal Acc: 0.4164 | Val F1: 0.4229 ||LR: 0.001 -> 0.001
Train pred counts: [357 341 249]
Val pred counts: [44 53 22]
No val-loss improvement at epoch 80. patience 31/50
No val-loss improvement at epoch 81. patience 32/50
No val-loss improvement at epoch 82. patience 33/50
No val-loss improvement at epoch 83. patience 34/50
No val-loss improvement at epoch 84. patience 35/50
Epoch [085/200] | Train Loss: 0.1134 | Train Acc: 0.9620 | Train Bal Acc: 0.9639 | Train F1: 0.9634 || Val Loss: 2.6022 | Val Acc: 0.5210 | Val Bal Acc: 0.5149 | Val F1: 0.5250 ||LR: 0.001 -> 0.001
Train pred counts: [365 331 251]
Val pred counts: [38 59 22]
No val-loss improvement at epoch 85. patience 36/50
No val-loss improvement at epoch 86. patience 37/50
No val-loss improvement at epoch 87. patience 38/50
No val-loss improvement at epoch 88. patience 39/50
No val-loss improvement at epoch 89. patience 40/50
Epoch [090/200] | Train Loss: 0.0939 | Train Acc: 0.9673 | Train Bal Acc: 0.9683 | Train F1: 0.9677 || Val Loss: 3.3940 | Val Acc: 0.4790 | Val Bal Acc: 0.4583 | Val F1: 0.4610 ||LR: 0.001 -> 0.001
Train pred counts: [363 333 251]
Val pred counts: [43 64 12]
No val-loss improvement at epoch 90. patience 41/50
No val-loss improvement at epoch 91. patience 42/50
No val-loss improvement at epoch 92. patience 43/50
No val-loss improvement at epoch 93. patience 44/50
No val-loss improvement at epoch 94. patience 45/50
Epoch [095/200] | Train Loss: 0.1068 | Train Acc: 0.9641 | Train Bal Acc: 0.9642 | Train F1: 0.9648 || Val Loss: 3.2291 | Val Acc: 0.4706 | Val Bal Acc: 0.4539 | Val F1: 0.4591 ||LR: 0.001 -> 0.001
Train pred counts: [367 335 245]
Val pred counts: [41 63 15]
No val-loss improvement at epoch 95. patience 46/50
No val-loss improvement at epoch 96. patience 47/50
No val-loss improvement at epoch 97. patience 48/50
No val-loss improvement at epoch 98. patience 49/50
No val-loss improvement at epoch 99. patience 50/50
Early stopping triggered at epoch 99. Best val_loss=0.941567 (epoch 2).
Saved final selected checkpoint to: /home/anphan/Documents/CAUEEG/result_MIL-LinkX-level/20260501_114024_segment_original_random_k_wpli_k10_gcnnorm_LINKX_gatv2_mean_fixed/seed15/best_model.pt
Saved segment attention with prototypes to: /home/anphan/Documents/CAUEEG/result_MIL-LinkX-level/20260501_114024_segment_original_random_k_wpli_k10_gcnnorm_LINKX_gatv2_mean_fixed/seed15/segment_attention_with_prototypes.csv
  split  subject_id  true_label  ...    prob_0    prob_1    prob_2
0  test  test_00001           1  ...  0.262132  0.397204  0.340664
1  test  test_00001           1  ...  0.262132  0.397204  0.340664
2  test  test_00001           1  ...  0.262132  0.397204  0.340664
3  test  test_00001           1  ...  0.262132  0.397204  0.340664
4  test  test_00001           1  ...  0.262132  0.397204  0.340664

[5 rows x 11 columns]
[H5] Reusing existing master file: /home/anphan/Documents/caueeg_randomcrop_mono_dementia_seed42.h5

[train_graphs_original]
num graphs: 100382
num subjects: 947
segments per subject: min=106, mean=106.00, max=106
subjects per label: {0: 366, 1: 333, 2: 248}

[val_graphs_original]
num graphs: 952
num subjects: 119
segments per subject: min=8, mean=8.00, max=8
subjects per label: {2: 31, 1: 42, 0: 46}

[test_graphs_original]
num graphs: 944
num subjects: 118
segments per subject: min=8, mean=8.00, max=8
subjects per label: {0: 46, 1: 41, 2: 31}

[train_graphs_after_original_random_k]
num graphs: 100382
num subjects: 947
segments per subject: min=106, mean=106.00, max=106
subjects per label: {0: 366, 1: 333, 2: 248}

[train_segment_instances]
num graphs: 100382
num subjects: 947
segments per subject: min=106, mean=106.00, max=106
subjects per label: {0: 366, 1: 333, 2: 248}

[val_segment_instances]
num graphs: 952
num subjects: 119
segments per subject: min=8, mean=8.00, max=8
subjects per label: {2: 31, 1: 42, 0: 46}

[test_segment_instances]
num graphs: 944
num subjects: 118
segments per subject: min=8, mean=8.00, max=8
subjects per label: {0: 46, 1: 41, 2: 31}
Saved top-k checkpoint: epoch=1, val_loss=1.002542, val_bal_acc=0.4495, val_macro_f1=0.4033
Validation loss improved at epoch 1: 1.002542
Saved top-k checkpoint: epoch=2, val_loss=0.955906, val_bal_acc=0.5104, val_macro_f1=0.5032
Validation loss improved at epoch 2: 0.955906
Saved top-k checkpoint: epoch=3, val_loss=0.962020, val_bal_acc=0.4684, val_macro_f1=0.4301
Saved top-k checkpoint: epoch=4, val_loss=0.969994, val_bal_acc=0.5196, val_macro_f1=0.4674
Removed checkpoint that fell out of top-3: /home/anphan/Documents/CAUEEG/result_MIL-LinkX-level/20260501_114024_segment_original_random_k_wpli_k10_gcnnorm_LINKX_gatv2_mean_fixed/seed42/best_model_topk_epoch001_valloss1.002542.pt
Epoch [005/200] | Train Loss: 0.9052 | Train Acc: 0.5639 | Train Bal Acc: 0.5588 | Train F1: 0.5388 || Val Loss: 0.9299 | Val Acc: 0.5126 | Val Bal Acc: 0.5078 | Val F1: 0.4862 ||LR: 0.001 -> 0.001
Train pred counts: [500 189 258]
Val pred counts: [61 26 32]
Saved top-k checkpoint: epoch=5, val_loss=0.929922, val_bal_acc=0.5078, val_macro_f1=0.4862
Removed checkpoint that fell out of top-3: /home/anphan/Documents/CAUEEG/result_MIL-LinkX-level/20260501_114024_segment_original_random_k_wpli_k10_gcnnorm_LINKX_gatv2_mean_fixed/seed42/best_model_topk_epoch004_valloss0.969994.pt
Validation loss improved at epoch 5: 0.929922
Epoch [010/200] | Train Loss: 0.7598 | Train Acc: 0.6357 | Train Bal Acc: 0.6299 | Train F1: 0.6242 || Val Loss: 1.0365 | Val Acc: 0.5378 | Val Bal Acc: 0.5345 | Val F1: 0.5124 ||LR: 0.001 -> 0.001
Train pred counts: [412 284 251]
Val pred counts: [59 24 36]
Saved top-k checkpoint: epoch=12, val_loss=0.951430, val_bal_acc=0.5101, val_macro_f1=0.5173
Removed checkpoint that fell out of top-3: /home/anphan/Documents/CAUEEG/result_MIL-LinkX-level/20260501_114024_segment_original_random_k_wpli_k10_gcnnorm_LINKX_gatv2_mean_fixed/seed42/best_model_topk_epoch003_valloss0.962020.pt
Epoch [015/200] | Train Loss: 0.6590 | Train Acc: 0.7181 | Train Bal Acc: 0.7110 | Train F1: 0.7136 || Val Loss: 1.1006 | Val Acc: 0.4706 | Val Bal Acc: 0.4687 | Val F1: 0.4755 ||LR: 0.001 -> 0.001
Train pred counts: [404 322 221]
Val pred counts: [47 46 26]
Epoch [020/200] | Train Loss: 0.5355 | Train Acc: 0.7804 | Train Bal Acc: 0.7757 | Train F1: 0.7787 || Val Loss: 1.3026 | Val Acc: 0.5210 | Val Bal Acc: 0.5325 | Val F1: 0.5228 ||LR: 0.001 -> 0.001
Train pred counts: [373 344 230]
Val pred counts: [25 53 41]
Epoch [025/200] | Train Loss: 0.4528 | Train Acc: 0.8120 | Train Bal Acc: 0.8091 | Train F1: 0.8100 || Val Loss: 1.3930 | Val Acc: 0.5294 | Val Bal Acc: 0.5200 | Val F1: 0.5281 ||LR: 0.001 -> 0.001
Train pred counts: [376 330 241]
Val pred counts: [39 60 20]
Epoch [030/200] | Train Loss: 0.3968 | Train Acc: 0.8437 | Train Bal Acc: 0.8434 | Train F1: 0.8457 || Val Loss: 1.3477 | Val Acc: 0.4958 | Val Bal Acc: 0.4841 | Val F1: 0.4915 ||LR: 0.001 -> 0.001
Train pred counts: [369 342 236]
Val pred counts: [43 54 22]
Epoch [035/200] | Train Loss: 0.3308 | Train Acc: 0.8585 | Train Bal Acc: 0.8597 | Train F1: 0.8595 || Val Loss: 1.5717 | Val Acc: 0.5210 | Val Bal Acc: 0.5051 | Val F1: 0.5146 ||LR: 0.001 -> 0.001
Train pred counts: [360 338 249]
Val pred counts: [40 62 17]
Epoch [040/200] | Train Loss: 0.3099 | Train Acc: 0.8807 | Train Bal Acc: 0.8819 | Train F1: 0.8813 || Val Loss: 1.6340 | Val Acc: 0.4874 | Val Bal Acc: 0.4720 | Val F1: 0.4794 ||LR: 0.001 -> 0.001
Train pred counts: [360 336 251]
Val pred counts: [49 51 19]
Epoch [045/200] | Train Loss: 0.2525 | Train Acc: 0.9113 | Train Bal Acc: 0.9140 | Train F1: 0.9119 || Val Loss: 1.9402 | Val Acc: 0.4958 | Val Bal Acc: 0.4840 | Val F1: 0.4929 ||LR: 0.001 -> 0.001
Train pred counts: [362 326 259]
Val pred counts: [35 67 17]
Epoch [050/200] | Train Loss: 0.2007 | Train Acc: 0.9176 | Train Bal Acc: 0.9204 | Train F1: 0.9199 || Val Loss: 1.9894 | Val Acc: 0.5126 | Val Bal Acc: 0.5077 | Val F1: 0.5089 ||LR: 0.001 -> 0.001
Train pred counts: [370 326 251]
Val pred counts: [42 45 32]
No val-loss improvement at epoch 50. patience 1/50
No val-loss improvement at epoch 51. patience 2/50
No val-loss improvement at epoch 52. patience 3/50
No val-loss improvement at epoch 53. patience 4/50
No val-loss improvement at epoch 54. patience 5/50
Epoch [055/200] | Train Loss: 0.2071 | Train Acc: 0.9282 | Train Bal Acc: 0.9277 | Train F1: 0.9285 || Val Loss: 1.9911 | Val Acc: 0.4958 | Val Bal Acc: 0.4770 | Val F1: 0.4814 ||LR: 0.001 -> 0.001
Train pred counts: [363 341 243]
Val pred counts: [38 66 15]
No val-loss improvement at epoch 55. patience 6/50
No val-loss improvement at epoch 56. patience 7/50
No val-loss improvement at epoch 57. patience 8/50
No val-loss improvement at epoch 58. patience 9/50
No val-loss improvement at epoch 59. patience 10/50
Epoch [060/200] | Train Loss: 0.1658 | Train Acc: 0.9440 | Train Bal Acc: 0.9468 | Train F1: 0.9459 || Val Loss: 2.2132 | Val Acc: 0.5126 | Val Bal Acc: 0.5056 | Val F1: 0.5173 ||LR: 0.001 -> 0.001
Train pred counts: [363 332 252]
Val pred counts: [45 53 21]
No val-loss improvement at epoch 60. patience 11/50
No val-loss improvement at epoch 61. patience 12/50
No val-loss improvement at epoch 62. patience 13/50
No val-loss improvement at epoch 63. patience 14/50
No val-loss improvement at epoch 64. patience 15/50
Epoch [065/200] | Train Loss: 0.1558 | Train Acc: 0.9335 | Train Bal Acc: 0.9346 | Train F1: 0.9346 || Val Loss: 2.3010 | Val Acc: 0.5126 | Val Bal Acc: 0.5084 | Val F1: 0.5196 ||LR: 0.001 -> 0.001
Train pred counts: [366 333 248]
Val pred counts: [48 49 22]
No val-loss improvement at epoch 65. patience 16/50
No val-loss improvement at epoch 66. patience 17/50
No val-loss improvement at epoch 67. patience 18/50
No val-loss improvement at epoch 68. patience 19/50
No val-loss improvement at epoch 69. patience 20/50
Epoch [070/200] | Train Loss: 0.1690 | Train Acc: 0.9377 | Train Bal Acc: 0.9382 | Train F1: 0.9384 || Val Loss: 1.8923 | Val Acc: 0.4706 | Val Bal Acc: 0.4588 | Val F1: 0.4631 ||LR: 0.001 -> 0.001
Train pred counts: [368 332 247]
Val pred counts: [34 68 17]
No val-loss improvement at epoch 70. patience 21/50
No val-loss improvement at epoch 71. patience 22/50
No val-loss improvement at epoch 72. patience 23/50
No val-loss improvement at epoch 73. patience 24/50
No val-loss improvement at epoch 74. patience 25/50
Epoch [075/200] | Train Loss: 0.1395 | Train Acc: 0.9451 | Train Bal Acc: 0.9446 | Train F1: 0.9445 || Val Loss: 2.3475 | Val Acc: 0.5378 | Val Bal Acc: 0.5196 | Val F1: 0.5285 ||LR: 0.001 -> 0.001
Train pred counts: [370 328 249]
Val pred counts: [47 57 15]
No val-loss improvement at epoch 75. patience 26/50
No val-loss improvement at epoch 76. patience 27/50
No val-loss improvement at epoch 77. patience 28/50
No val-loss improvement at epoch 78. patience 29/50
No val-loss improvement at epoch 79. patience 30/50
Epoch [080/200] | Train Loss: 0.1529 | Train Acc: 0.9377 | Train Bal Acc: 0.9369 | Train F1: 0.9376 || Val Loss: 2.3698 | Val Acc: 0.4454 | Val Bal Acc: 0.4407 | Val F1: 0.4485 ||LR: 0.001 -> 0.001
Train pred counts: [372 330 245]
Val pred counts: [44 50 25]
No val-loss improvement at epoch 80. patience 31/50
No val-loss improvement at epoch 81. patience 32/50
No val-loss improvement at epoch 82. patience 33/50
No val-loss improvement at epoch 83. patience 34/50
No val-loss improvement at epoch 84. patience 35/50
Epoch [085/200] | Train Loss: 0.1013 | Train Acc: 0.9620 | Train Bal Acc: 0.9617 | Train F1: 0.9616 || Val Loss: 2.7363 | Val Acc: 0.4706 | Val Bal Acc: 0.4532 | Val F1: 0.4518 ||LR: 0.001 -> 0.001
Train pred counts: [376 321 250]
Val pred counts: [32 73 14]
No val-loss improvement at epoch 85. patience 36/50
No val-loss improvement at epoch 86. patience 37/50
No val-loss improvement at epoch 87. patience 38/50
No val-loss improvement at epoch 88. patience 39/50
No val-loss improvement at epoch 89. patience 40/50
Epoch [090/200] | Train Loss: 0.1482 | Train Acc: 0.9525 | Train Bal Acc: 0.9531 | Train F1: 0.9535 || Val Loss: 2.0648 | Val Acc: 0.4454 | Val Bal Acc: 0.4393 | Val F1: 0.4457 ||LR: 0.001 -> 0.001
Train pred counts: [362 340 245]
Val pred counts: [44 48 27]
No val-loss improvement at epoch 90. patience 41/50
No val-loss improvement at epoch 91. patience 42/50
No val-loss improvement at epoch 92. patience 43/50
No val-loss improvement at epoch 93. patience 44/50
No val-loss improvement at epoch 94. patience 45/50
Epoch [095/200] | Train Loss: 0.1411 | Train Acc: 0.9493 | Train Bal Acc: 0.9495 | Train F1: 0.9503 || Val Loss: 2.2084 | Val Acc: 0.4538 | Val Bal Acc: 0.4422 | Val F1: 0.4496 ||LR: 0.001 -> 0.001
Train pred counts: [366 338 243]
Val pred counts: [30 66 23]
No val-loss improvement at epoch 95. patience 46/50
No val-loss improvement at epoch 96. patience 47/50
No val-loss improvement at epoch 97. patience 48/50
No val-loss improvement at epoch 98. patience 49/50
No val-loss improvement at epoch 99. patience 50/50
Early stopping triggered at epoch 99. Best val_loss=0.929922 (epoch 5).
Saved final selected checkpoint to: /home/anphan/Documents/CAUEEG/result_MIL-LinkX-level/20260501_114024_segment_original_random_k_wpli_k10_gcnnorm_LINKX_gatv2_mean_fixed/seed42/best_model.pt
Saved segment attention with prototypes to: /home/anphan/Documents/CAUEEG/result_MIL-LinkX-level/20260501_114024_segment_original_random_k_wpli_k10_gcnnorm_LINKX_gatv2_mean_fixed/seed42/segment_attention_with_prototypes.csv
  split  subject_id  true_label  ...    prob_0    prob_1    prob_2
0  test  test_00001           1  ...  0.353052  0.389857  0.257091
1  test  test_00001           1  ...  0.353052  0.389857  0.257091
2  test  test_00001           1  ...  0.353052  0.389857  0.257091
3  test  test_00001           1  ...  0.353052  0.389857  0.257091
4  test  test_00001           1  ...  0.353052  0.389857  0.257091

[5 rows x 11 columns]
[H5] Reusing existing master file: /home/anphan/Documents/caueeg_randomcrop_mono_dementia_seed42.h5

[train_graphs_original]
num graphs: 100382
num subjects: 947
segments per subject: min=106, mean=106.00, max=106
subjects per label: {0: 366, 1: 333, 2: 248}

[val_graphs_original]
num graphs: 952
num subjects: 119
segments per subject: min=8, mean=8.00, max=8
subjects per label: {2: 31, 1: 42, 0: 46}

[test_graphs_original]
num graphs: 944
num subjects: 118
segments per subject: min=8, mean=8.00, max=8
subjects per label: {0: 46, 1: 41, 2: 31}

[train_graphs_after_original_random_k]
num graphs: 100382
num subjects: 947
segments per subject: min=106, mean=106.00, max=106
subjects per label: {0: 366, 1: 333, 2: 248}

[train_segment_instances]
num graphs: 100382
num subjects: 947
segments per subject: min=106, mean=106.00, max=106
subjects per label: {0: 366, 1: 333, 2: 248}

[val_segment_instances]
num graphs: 952
num subjects: 119
segments per subject: min=8, mean=8.00, max=8
subjects per label: {2: 31, 1: 42, 0: 46}

[test_segment_instances]
num graphs: 944
num subjects: 118
segments per subject: min=8, mean=8.00, max=8
subjects per label: {0: 46, 1: 41, 2: 31}
Saved top-k checkpoint: epoch=1, val_loss=1.014671, val_bal_acc=0.4237, val_macro_f1=0.3740
Validation loss improved at epoch 1: 1.014671
Saved top-k checkpoint: epoch=2, val_loss=0.954539, val_bal_acc=0.4873, val_macro_f1=0.4728
Validation loss improved at epoch 2: 0.954539
Saved top-k checkpoint: epoch=3, val_loss=0.956057, val_bal_acc=0.4875, val_macro_f1=0.4709
Saved top-k checkpoint: epoch=4, val_loss=0.974420, val_bal_acc=0.5253, val_macro_f1=0.5112
Removed checkpoint that fell out of top-3: /home/anphan/Documents/CAUEEG/result_MIL-LinkX-level/20260501_114024_segment_original_random_k_wpli_k10_gcnnorm_LINKX_gatv2_mean_fixed/seed100/best_model_topk_epoch001_valloss1.014671.pt
Epoch [005/200] | Train Loss: 0.8963 | Train Acc: 0.5681 | Train Bal Acc: 0.5650 | Train F1: 0.5522 || Val Loss: 0.9235 | Val Acc: 0.5042 | Val Bal Acc: 0.5020 | Val F1: 0.4877 ||LR: 0.001 -> 0.001
Train pred counts: [470 226 251]
Val pred counts: [53 31 35]
Saved top-k checkpoint: epoch=5, val_loss=0.923547, val_bal_acc=0.5020, val_macro_f1=0.4877
Removed checkpoint that fell out of top-3: /home/anphan/Documents/CAUEEG/result_MIL-LinkX-level/20260501_114024_segment_original_random_k_wpli_k10_gcnnorm_LINKX_gatv2_mean_fixed/seed100/best_model_topk_epoch004_valloss0.974420.pt
Validation loss improved at epoch 5: 0.923547
Saved top-k checkpoint: epoch=6, val_loss=0.933156, val_bal_acc=0.5593, val_macro_f1=0.5316
Removed checkpoint that fell out of top-3: /home/anphan/Documents/CAUEEG/result_MIL-LinkX-level/20260501_114024_segment_original_random_k_wpli_k10_gcnnorm_LINKX_gatv2_mean_fixed/seed100/best_model_topk_epoch003_valloss0.956057.pt
Saved top-k checkpoint: epoch=7, val_loss=0.904483, val_bal_acc=0.4870, val_macro_f1=0.4782
Removed checkpoint that fell out of top-3: /home/anphan/Documents/CAUEEG/result_MIL-LinkX-level/20260501_114024_segment_original_random_k_wpli_k10_gcnnorm_LINKX_gatv2_mean_fixed/seed100/best_model_topk_epoch002_valloss0.954539.pt
Validation loss improved at epoch 7: 0.904483
Saved top-k checkpoint: epoch=8, val_loss=0.907473, val_bal_acc=0.5176, val_macro_f1=0.5122
Removed checkpoint that fell out of top-3: /home/anphan/Documents/CAUEEG/result_MIL-LinkX-level/20260501_114024_segment_original_random_k_wpli_k10_gcnnorm_LINKX_gatv2_mean_fixed/seed100/best_model_topk_epoch006_valloss0.933156.pt
Saved top-k checkpoint: epoch=9, val_loss=0.919905, val_bal_acc=0.5148, val_macro_f1=0.5114
Removed checkpoint that fell out of top-3: /home/anphan/Documents/CAUEEG/result_MIL-LinkX-level/20260501_114024_segment_original_random_k_wpli_k10_gcnnorm_LINKX_gatv2_mean_fixed/seed100/best_model_topk_epoch005_valloss0.923547.pt
Epoch [010/200] | Train Loss: 0.7836 | Train Acc: 0.6209 | Train Bal Acc: 0.6159 | Train F1: 0.6136 || Val Loss: 0.9570 | Val Acc: 0.5546 | Val Bal Acc: 0.5377 | Val F1: 0.5366 ||LR: 0.001 -> 0.001
Train pred counts: [418 296 233]
Val pred counts: [66 33 20]
Epoch [015/200] | Train Loss: 0.6759 | Train Acc: 0.6927 | Train Bal Acc: 0.6831 | Train F1: 0.6881 || Val Loss: 1.0934 | Val Acc: 0.5462 | Val Bal Acc: 0.5409 | Val F1: 0.5490 ||LR: 0.001 -> 0.001
Train pred counts: [370 363 214]
Val pred counts: [49 46 24]
Epoch [020/200] | Train Loss: 0.5520 | Train Acc: 0.7677 | Train Bal Acc: 0.7641 | Train F1: 0.7673 || Val Loss: 1.2169 | Val Acc: 0.5546 | Val Bal Acc: 0.5412 | Val F1: 0.5431 ||LR: 0.001 -> 0.001
Train pred counts: [368 349 230]
Val pred counts: [52 42 25]
Epoch [025/200] | Train Loss: 0.4913 | Train Acc: 0.7761 | Train Bal Acc: 0.7732 | Train F1: 0.7760 || Val Loss: 1.3230 | Val Acc: 0.5462 | Val Bal Acc: 0.5318 | Val F1: 0.5280 ||LR: 0.001 -> 0.001
Train pred counts: [360 353 234]
Val pred counts: [53 37 29]
Epoch [030/200] | Train Loss: 0.4065 | Train Acc: 0.8353 | Train Bal Acc: 0.8324 | Train F1: 0.8347 || Val Loss: 1.4155 | Val Acc: 0.5546 | Val Bal Acc: 0.5446 | Val F1: 0.5541 ||LR: 0.001 -> 0.001
Train pred counts: [364 347 236]
Val pred counts: [42 56 21]
Epoch [035/200] | Train Loss: 0.3591 | Train Acc: 0.8532 | Train Bal Acc: 0.8520 | Train F1: 0.8539 || Val Loss: 1.6125 | Val Acc: 0.5294 | Val Bal Acc: 0.5194 | Val F1: 0.5223 ||LR: 0.001 -> 0.001
Train pred counts: [365 344 238]
Val pred counts: [49 44 26]
Epoch [040/200] | Train Loss: 0.3086 | Train Acc: 0.8775 | Train Bal Acc: 0.8767 | Train F1: 0.8769 || Val Loss: 1.6443 | Val Acc: 0.5462 | Val Bal Acc: 0.5296 | Val F1: 0.5343 ||LR: 0.001 -> 0.001
Train pred counts: [364 336 247]
Val pred counts: [37 65 17]
Epoch [045/200] | Train Loss: 0.2837 | Train Acc: 0.8955 | Train Bal Acc: 0.8948 | Train F1: 0.8959 || Val Loss: 1.5749 | Val Acc: 0.5630 | Val Bal Acc: 0.5609 | Val F1: 0.5604 ||LR: 0.001 -> 0.001
Train pred counts: [370 335 242]
Val pred counts: [33 57 29]
Epoch [050/200] | Train Loss: 0.2553 | Train Acc: 0.9018 | Train Bal Acc: 0.9024 | Train F1: 0.9033 || Val Loss: 2.0003 | Val Acc: 0.5210 | Val Bal Acc: 0.4931 | Val F1: 0.4878 ||LR: 0.001 -> 0.001
Train pred counts: [364 340 243]
Val pred counts: [43 65 11]
No val-loss improvement at epoch 50. patience 1/50
No val-loss improvement at epoch 51. patience 2/50
No val-loss improvement at epoch 52. patience 3/50
No val-loss improvement at epoch 53. patience 4/50
No val-loss improvement at epoch 54. patience 5/50
Epoch [055/200] | Train Loss: 0.2401 | Train Acc: 0.8976 | Train Bal Acc: 0.8947 | Train F1: 0.8965 || Val Loss: 1.9774 | Val Acc: 0.4958 | Val Bal Acc: 0.4791 | Val F1: 0.4797 ||LR: 0.001 -> 0.001
Train pred counts: [364 346 237]
Val pred counts: [36 70 13]
No val-loss improvement at epoch 55. patience 6/50
No val-loss improvement at epoch 56. patience 7/50
No val-loss improvement at epoch 57. patience 8/50
No val-loss improvement at epoch 58. patience 9/50
No val-loss improvement at epoch 59. patience 10/50
Epoch [060/200] | Train Loss: 0.1824 | Train Acc: 0.9282 | Train Bal Acc: 0.9294 | Train F1: 0.9296 || Val Loss: 2.1855 | Val Acc: 0.5378 | Val Bal Acc: 0.5154 | Val F1: 0.5186 ||LR: 0.001 -> 0.001
Train pred counts: [360 341 246]
Val pred counts: [50 53 16]
No val-loss improvement at epoch 60. patience 11/50
No val-loss improvement at epoch 61. patience 12/50
No val-loss improvement at epoch 62. patience 13/50
No val-loss improvement at epoch 63. patience 14/50
No val-loss improvement at epoch 64. patience 15/50
Epoch [065/200] | Train Loss: 0.1924 | Train Acc: 0.9229 | Train Bal Acc: 0.9212 | Train F1: 0.9224 || Val Loss: 1.9901 | Val Acc: 0.5210 | Val Bal Acc: 0.5044 | Val F1: 0.5122 ||LR: 0.001 -> 0.001
Train pred counts: [364 342 241]
Val pred counts: [45 57 17]
No val-loss improvement at epoch 65. patience 16/50
No val-loss improvement at epoch 66. patience 17/50
No val-loss improvement at epoch 67. patience 18/50
No val-loss improvement at epoch 68. patience 19/50
No val-loss improvement at epoch 69. patience 20/50
Epoch [070/200] | Train Loss: 0.1528 | Train Acc: 0.9366 | Train Bal Acc: 0.9374 | Train F1: 0.9369 || Val Loss: 2.0494 | Val Acc: 0.5462 | Val Bal Acc: 0.5318 | Val F1: 0.5302 ||LR: 0.001 -> 0.001
Train pred counts: [362 335 250]
Val pred counts: [57 37 25]
No val-loss improvement at epoch 70. patience 21/50
No val-loss improvement at epoch 71. patience 22/50
No val-loss improvement at epoch 72. patience 23/50
No val-loss improvement at epoch 73. patience 24/50
No val-loss improvement at epoch 74. patience 25/50
Epoch [075/200] | Train Loss: 0.1479 | Train Acc: 0.9419 | Train Bal Acc: 0.9438 | Train F1: 0.9435 || Val Loss: 2.2702 | Val Acc: 0.4622 | Val Bal Acc: 0.4502 | Val F1: 0.4531 ||LR: 0.001 -> 0.001
Train pred counts: [362 336 249]
Val pred counts: [33 63 23]
No val-loss improvement at epoch 75. patience 26/50
No val-loss improvement at epoch 76. patience 27/50
No val-loss improvement at epoch 77. patience 28/50
No val-loss improvement at epoch 78. patience 29/50
No val-loss improvement at epoch 79. patience 30/50
Epoch [080/200] | Train Loss: 0.1614 | Train Acc: 0.9472 | Train Bal Acc: 0.9486 | Train F1: 0.9477 || Val Loss: 2.1477 | Val Acc: 0.5210 | Val Bal Acc: 0.4946 | Val F1: 0.4951 ||LR: 0.001 -> 0.001
Train pred counts: [361 334 252]
Val pred counts: [44 61 14]
No val-loss improvement at epoch 80. patience 31/50
No val-loss improvement at epoch 81. patience 32/50
No val-loss improvement at epoch 82. patience 33/50
No val-loss improvement at epoch 83. patience 34/50
No val-loss improvement at epoch 84. patience 35/50
Epoch [085/200] | Train Loss: 0.1430 | Train Acc: 0.9419 | Train Bal Acc: 0.9424 | Train F1: 0.9419 || Val Loss: 2.2032 | Val Acc: 0.4958 | Val Bal Acc: 0.4827 | Val F1: 0.4900 ||LR: 0.001 -> 0.001
Train pred counts: [367 329 251]
Val pred counts: [46 51 22]
No val-loss improvement at epoch 85. patience 36/50
No val-loss improvement at epoch 86. patience 37/50
No val-loss improvement at epoch 87. patience 38/50
No val-loss improvement at epoch 88. patience 39/50
No val-loss improvement at epoch 89. patience 40/50
Epoch [090/200] | Train Loss: 0.1239 | Train Acc: 0.9535 | Train Bal Acc: 0.9534 | Train F1: 0.9542 || Val Loss: 2.3313 | Val Acc: 0.4874 | Val Bal Acc: 0.4789 | Val F1: 0.4859 ||LR: 0.001 -> 0.001
Train pred counts: [367 336 244]
Val pred counts: [37 61 21]
No val-loss improvement at epoch 90. patience 41/50
No val-loss improvement at epoch 91. patience 42/50
No val-loss improvement at epoch 92. patience 43/50
No val-loss improvement at epoch 93. patience 44/50
No val-loss improvement at epoch 94. patience 45/50
Epoch [095/200] | Train Loss: 0.1021 | Train Acc: 0.9609 | Train Bal Acc: 0.9624 | Train F1: 0.9629 || Val Loss: 2.4430 | Val Acc: 0.5378 | Val Bal Acc: 0.5195 | Val F1: 0.5205 ||LR: 0.001 -> 0.001
Train pred counts: [369 332 246]
Val pred counts: [36 67 16]
No val-loss improvement at epoch 95. patience 46/50
No val-loss improvement at epoch 96. patience 47/50
No val-loss improvement at epoch 97. patience 48/50
No val-loss improvement at epoch 98. patience 49/50
No val-loss improvement at epoch 99. patience 50/50
Early stopping triggered at epoch 99. Best val_loss=0.904483 (epoch 7).
Saved final selected checkpoint to: /home/anphan/Documents/CAUEEG/result_MIL-LinkX-level/20260501_114024_segment_original_random_k_wpli_k10_gcnnorm_LINKX_gatv2_mean_fixed/seed100/best_model.pt
Saved segment attention with prototypes to: /home/anphan/Documents/CAUEEG/result_MIL-LinkX-level/20260501_114024_segment_original_random_k_wpli_k10_gcnnorm_LINKX_gatv2_mean_fixed/seed100/segment_attention_with_prototypes.csv
  split  subject_id  true_label  ...    prob_0    prob_1    prob_2
0  test  test_00001           1  ...  0.399407  0.414674  0.185918
1  test  test_00001           1  ...  0.399407  0.414674  0.185918
2  test  test_00001           1  ...  0.399407  0.414674  0.185918
3  test  test_00001           1  ...  0.399407  0.414674  0.185918
4  test  test_00001           1  ...  0.399407  0.414674  0.185918

[5 rows x 11 columns]
Saved per-seed results: /home/anphan/Documents/CAUEEG/result_MIL-LinkX-level/20260501_114024_segment_original_random_k_wpli_k10_gcnnorm_LINKX_gatv2_mean_fixed/agg_seed_results/all_seed_results.csv
Saved aggregate results: /home/anphan/Documents/CAUEEG/result_MIL-LinkX-level/20260501_114024_segment_original_random_k_wpli_k10_gcnnorm_LINKX_gatv2_mean_fixed/agg_seed_results/aggregate_seed_results.csv
Saved aggregate confusion matrix: /home/anphan/Documents/CAUEEG/result_MIL-LinkX-level/20260501_114024_segment_original_random_k_wpli_k10_gcnnorm_LINKX_gatv2_mean_fixed/agg_seed_results/aggregate_confusion_matrix.json
run_name segment_original_random_k_wpli_k10_gcnnorm_LINKX_gatv2_mean_fixed

Aggregate across seeds:
  accuracy_mean_std balanced_accuracy_mean_std macro_f1_mean_std
0   0.5678 ± 0.0529            0.5674 ± 0.0572   0.5579 ± 0.0611
