Device cuda
[TEST_CODE] Using first 10 valid subjects per split.
[TEST_CODE] train_ids_filter: ['00788', '00479', '00892', '00078', '01184', '01060', '00600', '00792', '00868', '00320']
[TEST_CODE] val_ids_filter: ['00341', '00510', '00172', '01021', '01327', '01094', '01258', '00807', '00687', '01052']
[TEST_CODE] test_ids_filter: ['00789', '00934', '00142', '00883', '00751', '00140', '01034', '00008', '00551', '00631']
[H5] Reusing existing master file: /home/anphan/Documents/caueeg_randomcrop_mono_dementia_seed42.h5

[train_graphs_original]
num graphs: 1060
num subjects: 10
segments per subject: min=106, mean=106.00, max=106
subjects per label: {0: 5, 1: 2, 2: 3}

[val_graphs_original]
num graphs: 80
num subjects: 10
segments per subject: min=8, mean=8.00, max=8
subjects per label: {2: 5, 1: 3, 0: 2}

[test_graphs_original]
num graphs: 80
num subjects: 10
segments per subject: min=8, mean=8.00, max=8
subjects per label: {0: 8, 1: 2}

[train_graphs_after_original_random_k]
num graphs: 1060
num subjects: 10
segments per subject: min=106, mean=106.00, max=106
subjects per label: {0: 5, 1: 2, 2: 3}

[train_subject_instances]
num graphs: 10
num subjects: 10
segments per subject: min=1, mean=1.00, max=1
subjects per label: {2: 3, 1: 2, 0: 5}

[val_subject_instances]
num graphs: 10
num subjects: 10
segments per subject: min=1, mean=1.00, max=1
subjects per label: {1: 3, 2: 5, 0: 2}

[test_subject_instances]
num graphs: 10
num subjects: 10
segments per subject: min=1, mean=1.00, max=1
subjects per label: {0: 8, 1: 2}
Saved top-k checkpoint: epoch=1, val_loss=1.117473, val_bal_acc=0.3333, val_macro_f1=0.1111
Validation loss improved at epoch 1: 1.117473
Saved final selected checkpoint to: /home/anphan/Documents/CAUEEG/result_MIL-LinkX-level/result_MIL-LinkX-level-testonly/20260501_112224_subject_original_random_k_wpli_k10_nonorm_sage_gatv2_mean_fixed/seed15/best_model.pt
Saved segment attention with prototypes to: /home/anphan/Documents/CAUEEG/result_MIL-LinkX-level/result_MIL-LinkX-level-testonly/20260501_112224_subject_original_random_k_wpli_k10_nonorm_sage_gatv2_mean_fixed/seed15/segment_attention_with_prototypes.csv
  split  subject_id  true_label  ...    prob_0    prob_1    prob_2
0  test  test_00008           0  ...  0.373838  0.299132  0.327030
1  test  test_00140           0  ...  0.371481  0.300391  0.328128
2  test  test_00142           0  ...  0.373174  0.299685  0.327141
3  test  test_00551           1  ...  0.372171  0.299748  0.328081
4  test  test_00631           0  ...  0.374029  0.299072  0.326900

[5 rows x 11 columns]
[TEST_CODE] Using first 10 valid subjects per split.
[TEST_CODE] train_ids_filter: ['00788', '00479', '00892', '00078', '01184', '01060', '00600', '00792', '00868', '00320']
[TEST_CODE] val_ids_filter: ['00341', '00510', '00172', '01021', '01327', '01094', '01258', '00807', '00687', '01052']
[TEST_CODE] test_ids_filter: ['00789', '00934', '00142', '00883', '00751', '00140', '01034', '00008', '00551', '00631']
[H5] Reusing existing master file: /home/anphan/Documents/caueeg_randomcrop_mono_dementia_seed42.h5

[train_graphs_original]
num graphs: 1060
num subjects: 10
segments per subject: min=106, mean=106.00, max=106
subjects per label: {0: 5, 1: 2, 2: 3}

[val_graphs_original]
num graphs: 80
num subjects: 10
segments per subject: min=8, mean=8.00, max=8
subjects per label: {2: 5, 1: 3, 0: 2}

[test_graphs_original]
num graphs: 80
num subjects: 10
segments per subject: min=8, mean=8.00, max=8
subjects per label: {0: 8, 1: 2}

[train_graphs_after_original_random_k]
num graphs: 1060
num subjects: 10
segments per subject: min=106, mean=106.00, max=106
subjects per label: {0: 5, 1: 2, 2: 3}

[train_subject_instances]
num graphs: 10
num subjects: 10
segments per subject: min=1, mean=1.00, max=1
subjects per label: {2: 3, 1: 2, 0: 5}

[val_subject_instances]
num graphs: 10
num subjects: 10
segments per subject: min=1, mean=1.00, max=1
subjects per label: {1: 3, 2: 5, 0: 2}

[test_subject_instances]
num graphs: 10
num subjects: 10
segments per subject: min=1, mean=1.00, max=1
subjects per label: {0: 8, 1: 2}
Saved top-k checkpoint: epoch=1, val_loss=1.124178, val_bal_acc=0.3333, val_macro_f1=0.1111
Validation loss improved at epoch 1: 1.124178
Saved final selected checkpoint to: /home/anphan/Documents/CAUEEG/result_MIL-LinkX-level/result_MIL-LinkX-level-testonly/20260501_112224_subject_original_random_k_wpli_k10_nonorm_sage_gatv2_mean_fixed/seed42/best_model.pt
Saved segment attention with prototypes to: /home/anphan/Documents/CAUEEG/result_MIL-LinkX-level/result_MIL-LinkX-level-testonly/20260501_112224_subject_original_random_k_wpli_k10_nonorm_sage_gatv2_mean_fixed/seed42/segment_attention_with_prototypes.csv
  split  subject_id  true_label  ...    prob_0    prob_1    prob_2
0  test  test_00008           0  ...  0.400588  0.271953  0.327459
1  test  test_00140           0  ...  0.401457  0.271414  0.327129
2  test  test_00142           0  ...  0.400466  0.271431  0.328103
3  test  test_00551           1  ...  0.399571  0.273945  0.326484
4  test  test_00631           0  ...  0.400429  0.273057  0.326513

[5 rows x 11 columns]
[TEST_CODE] Using first 10 valid subjects per split.
[TEST_CODE] train_ids_filter: ['00788', '00479', '00892', '00078', '01184', '01060', '00600', '00792', '00868', '00320']
[TEST_CODE] val_ids_filter: ['00341', '00510', '00172', '01021', '01327', '01094', '01258', '00807', '00687', '01052']
[TEST_CODE] test_ids_filter: ['00789', '00934', '00142', '00883', '00751', '00140', '01034', '00008', '00551', '00631']
[H5] Reusing existing master file: /home/anphan/Documents/caueeg_randomcrop_mono_dementia_seed42.h5

[train_graphs_original]
num graphs: 1060
num subjects: 10
segments per subject: min=106, mean=106.00, max=106
subjects per label: {0: 5, 1: 2, 2: 3}

[val_graphs_original]
num graphs: 80
num subjects: 10
segments per subject: min=8, mean=8.00, max=8
subjects per label: {2: 5, 1: 3, 0: 2}

[test_graphs_original]
num graphs: 80
num subjects: 10
segments per subject: min=8, mean=8.00, max=8
subjects per label: {0: 8, 1: 2}

[train_graphs_after_original_random_k]
num graphs: 1060
num subjects: 10
segments per subject: min=106, mean=106.00, max=106
subjects per label: {0: 5, 1: 2, 2: 3}

[train_subject_instances]
num graphs: 10
num subjects: 10
segments per subject: min=1, mean=1.00, max=1
subjects per label: {2: 3, 1: 2, 0: 5}

[val_subject_instances]
num graphs: 10
num subjects: 10
segments per subject: min=1, mean=1.00, max=1
subjects per label: {1: 3, 2: 5, 0: 2}

[test_subject_instances]
num graphs: 10
num subjects: 10
segments per subject: min=1, mean=1.00, max=1
subjects per label: {0: 8, 1: 2}
Saved top-k checkpoint: epoch=1, val_loss=1.100969, val_bal_acc=0.3333, val_macro_f1=0.1111
Validation loss improved at epoch 1: 1.100969
Saved final selected checkpoint to: /home/anphan/Documents/CAUEEG/result_MIL-LinkX-level/result_MIL-LinkX-level-testonly/20260501_112224_subject_original_random_k_wpli_k10_nonorm_sage_gatv2_mean_fixed/seed100/best_model.pt
Saved segment attention with prototypes to: /home/anphan/Documents/CAUEEG/result_MIL-LinkX-level/result_MIL-LinkX-level-testonly/20260501_112224_subject_original_random_k_wpli_k10_nonorm_sage_gatv2_mean_fixed/seed100/segment_attention_with_prototypes.csv
  split  subject_id  true_label  ...    prob_0    prob_1    prob_2
0  test  test_00008           0  ...  0.352559  0.312488  0.334953
1  test  test_00140           0  ...  0.352441  0.313285  0.334275
2  test  test_00142           0  ...  0.353198  0.313472  0.333330
3  test  test_00551           1  ...  0.350585  0.313498  0.335917
4  test  test_00631           0  ...  0.352630  0.312738  0.334632

[5 rows x 11 columns]
Saved per-seed results: /home/anphan/Documents/CAUEEG/result_MIL-LinkX-level/result_MIL-LinkX-level-testonly/20260501_112224_subject_original_random_k_wpli_k10_nonorm_sage_gatv2_mean_fixed/agg_seed_results/all_seed_results.csv
Saved aggregate results: /home/anphan/Documents/CAUEEG/result_MIL-LinkX-level/result_MIL-LinkX-level-testonly/20260501_112224_subject_original_random_k_wpli_k10_nonorm_sage_gatv2_mean_fixed/agg_seed_results/aggregate_seed_results.csv
Saved aggregate confusion matrix: /home/anphan/Documents/CAUEEG/result_MIL-LinkX-level/result_MIL-LinkX-level-testonly/20260501_112224_subject_original_random_k_wpli_k10_nonorm_sage_gatv2_mean_fixed/agg_seed_results/aggregate_confusion_matrix.json
run_name subject_original_random_k_wpli_k10_nonorm_sage_gatv2_mean_fixed

Aggregate across seeds:
  accuracy_mean_std balanced_accuracy_mean_std macro_f1_mean_std
0   0.8000 ± 0.0000            0.5000 ± 0.0000   0.4444 ± 0.0000
